<?xml version="1.0" encoding="UTF-8"?>
<testsuite name="Spring Modulith Events Verification" tests="2" skipped="0" failures="0" errors="0" timestamp="2025-12-19T20:30:35" hostname="Conos-Mac-Studio.local" time="0.178">
  <properties/>
  <testcase name="Verify module structure exists" classname="com.bank.transfers.ModulithEventsTest" time="0.138"/>
  <testcase name="Verify Spring Modulith detects event-related violations" classname="com.bank.transfers.ModulithEventsTest" time="0.04"/>
  <system-out><![CDATA[Initiation module: true
Beneficiaries module: true
=== Event-Related Violations Detected ===
Events crossing module boundaries should be in api packages or externalized

Full violations message:
org.springframework.modulith.core.Violations: - Cycle detected: Slice fees -> 
                Slice initiation -> 
                Slice fees
  1. Dependencies of Slice fees
    - Method <com.bank.transfers.fees.domain.TransferPricingService.calculateFee(com.bank.transfers.initiation.domain.RailType, com.bank.transfers.initiation.domain.Money)> has parameter of type <com.bank.transfers.initiation.domain.Money> in (TransferPricingService.java:0)
    - Method <com.bank.transfers.fees.domain.TransferPricingService.calculateFee(com.bank.transfers.initiation.domain.RailType, com.bank.transfers.initiation.domain.Money)> has parameter of type <com.bank.transfers.initiation.domain.RailType> in (TransferPricingService.java:0)
    - Method <com.bank.transfers.fees.domain.TransferPricingService.calculateFee(com.bank.transfers.initiation.domain.RailType, com.bank.transfers.initiation.domain.Money)> has return type <com.bank.transfers.initiation.domain.TransferFee> in (TransferPricingService.java:0)
    - Method <com.bank.transfers.fees.domain.TransferPricingService.shouldApplyFee(com.bank.transfers.initiation.domain.RailType)> has parameter of type <com.bank.transfers.initiation.domain.RailType> in (TransferPricingService.java:0)
    - Method <com.bank.transfers.fees.domain.TransferPricingService.calculateFee(com.bank.transfers.initiation.domain.RailType, com.bank.transfers.initiation.domain.Money)> calls method <com.bank.transfers.initiation.domain.RailType.ordinal()> in (TransferPricingService.java:26)
    - Static Initializer <com.bank.transfers.fees.domain.TransferPricingService$1.<clinit>()> calls method <com.bank.transfers.initiation.domain.RailType.ordinal()> in (TransferPricingService.java:26)
    - Static Initializer <com.bank.transfers.fees.domain.TransferPricingService$1.<clinit>()> calls method <com.bank.transfers.initiation.domain.RailType.values()> in (TransferPricingService.java:26)
    - Static Initializer <com.bank.transfers.fees.domain.TransferPricingService$1.<clinit>()> gets field <com.bank.transfers.initiation.domain.RailType.ACH> in (TransferPricingService.java:26)
    - Static Initializer <com.bank.transfers.fees.domain.TransferPricingService$1.<clinit>()> gets field <com.bank.transfers.initiation.domain.RailType.INTERAC> in (TransferPricingService.java:26)
    - Static Initializer <com.bank.transfers.fees.domain.TransferPricingService$1.<clinit>()> gets field <com.bank.transfers.initiation.domain.RailType.INTERNAL> in (TransferPricingService.java:26)
    - Static Initializer <com.bank.transfers.fees.domain.TransferPricingService$1.<clinit>()> gets field <com.bank.transfers.initiation.domain.RailType.WIRE> in (TransferPricingService.java:26)
    - Method <com.bank.transfers.fees.domain.TransferPricingService.calculateFee(com.bank.transfers.initiation.domain.RailType, com.bank.transfers.initiation.domain.Money)> calls method <com.bank.transfers.initiation.domain.Money.getCurrencyCode()> in (TransferPricingService.java:44)
    - Method <com.bank.transfers.fees.domain.TransferPricingService.calculateFee(com.bank.transfers.initiation.domain.RailType, com.bank.transfers.initiation.domain.Money)> calls method <com.bank.transfers.initiation.domain.TransferFee.zero(java.lang.String)> in (TransferPricingService.java:44)
    - Method <com.bank.transfers.fees.domain.TransferPricingService.calculateFee(com.bank.transfers.initiation.domain.RailType, com.bank.transfers.initiation.domain.Money)> calls method <com.bank.transfers.initiation.domain.Money.getCurrencyCode()> in (TransferPricingService.java:47)
    - Method <com.bank.transfers.fees.domain.TransferPricingService.calculateFee(com.bank.transfers.initiation.domain.RailType, com.bank.transfers.initiation.domain.Money)> calls method <com.bank.transfers.initiation.domain.Money.of(java.math.BigDecimal, java.lang.String)> in (TransferPricingService.java:47)
    - Method <com.bank.transfers.fees.domain.TransferPricingService.calculateFee(com.bank.transfers.initiation.domain.RailType, com.bank.transfers.initiation.domain.Money)> calls method <com.bank.transfers.initiation.domain.TransferFee.of(com.bank.transfers.initiation.domain.Money, com.bank.transfers.initiation.domain.FeeType)> in (TransferPricingService.java:48)
    - Method <com.bank.transfers.fees.domain.TransferPricingService.calculateFee(com.bank.transfers.initiation.domain.RailType, com.bank.transfers.initiation.domain.Money)> gets field <com.bank.transfers.initiation.domain.FeeType.FLAT> in (TransferPricingService.java:48)
    - Method <com.bank.transfers.fees.domain.TransferPricingService.shouldApplyFee(com.bank.transfers.initiation.domain.RailType)> gets field <com.bank.transfers.initiation.domain.RailType.INTERNAL> in (TransferPricingService.java:55)
  2. Dependencies of Slice initiation
    - Constructor <com.bank.transfers.initiation.application.service.TransferService.<init>(com.bank.transfers.initiation.application.port.out.TransferRepositoryPort, com.bank.transfers.routing.domain.TransferRoutingService, com.bank.transfers.fees.domain.TransferPricingService, com.bank.transfers.initiation.application.port.out.AccountsPort, com.bank.transfers.initiation.application.port.out.IdentityPort, com.bank.transfers.initiation.application.port.out.RiskPort, org.springframework.context.ApplicationEventPublisher)> has parameter of type <com.bank.transfers.fees.domain.TransferPricingService> in (TransferService.java:0)
    - Field <com.bank.transfers.initiation.application.service.TransferService.pricingService> has type <com.bank.transfers.fees.domain.TransferPricingService> in (TransferService.java:0)
    - Method <com.bank.transfers.initiation.application.service.TransferService.createTransfer(com.bank.transfers.initiation.application.port.in.CreateTransferUseCase$CreateTransferCommand)> calls method <com.bank.transfers.fees.domain.TransferPricingService.calculateFee(com.bank.transfers.initiation.domain.RailType, com.bank.transfers.initiation.domain.Money)> in (TransferService.java:80)
- Cycle detected: Slice initiation -> 
                Slice routing -> 
                Slice initiation
  1. Dependencies of Slice initiation
    - Constructor <com.bank.transfers.initiation.application.service.TransferService.<init>(com.bank.transfers.initiation.application.port.out.TransferRepositoryPort, com.bank.transfers.routing.domain.TransferRoutingService, com.bank.transfers.fees.domain.TransferPricingService, com.bank.transfers.initiation.application.port.out.AccountsPort, com.bank.transfers.initiation.application.port.out.IdentityPort, com.bank.transfers.initiation.application.port.out.RiskPort, org.springframework.context.ApplicationEventPublisher)> has parameter of type <com.bank.transfers.routing.domain.TransferRoutingService> in (TransferService.java:0)
    - Field <com.bank.transfers.initiation.application.service.TransferService.routingService> has type <com.bank.transfers.routing.domain.TransferRoutingService> in (TransferService.java:0)
    - Method <com.bank.transfers.initiation.application.service.TransferService.createTransfer(com.bank.transfers.initiation.application.port.in.CreateTransferUseCase$CreateTransferCommand)> calls method <com.bank.transfers.routing.domain.TransferRoutingService.determineRail(com.bank.transfers.initiation.domain.Destination, com.bank.transfers.initiation.domain.Money, java.lang.String, java.time.Instant)> in (TransferService.java:57)
  2. Dependencies of Slice routing
    - Method <com.bank.transfers.routing.domain.TransferRoutingService.determineRail(com.bank.transfers.initiation.domain.Destination, com.bank.transfers.initiation.domain.Money, java.lang.String, java.time.Instant)> has parameter of type <com.bank.transfers.initiation.domain.Destination> in (TransferRoutingService.java:0)
    - Method <com.bank.transfers.routing.domain.TransferRoutingService.determineRail(com.bank.transfers.initiation.domain.Destination, com.bank.transfers.initiation.domain.Money, java.lang.String, java.time.Instant)> has parameter of type <com.bank.transfers.initiation.domain.Money> in (TransferRoutingService.java:0)
    - Method <com.bank.transfers.routing.domain.TransferRoutingService.determineRail(com.bank.transfers.initiation.domain.Destination, com.bank.transfers.initiation.domain.Money, java.lang.String, java.time.Instant)> has return type <com.bank.transfers.initiation.domain.RailType> in (TransferRoutingService.java:0)
    - Method <com.bank.transfers.routing.domain.TransferRoutingService.determineRail(com.bank.transfers.initiation.domain.Destination, com.bank.transfers.initiation.domain.Money, java.lang.String, java.time.Instant)> calls method <com.bank.transfers.initiation.domain.Destination.isInternal()> in (TransferRoutingService.java:23)
    - Method <com.bank.transfers.routing.domain.TransferRoutingService.determineRail(com.bank.transfers.initiation.domain.Destination, com.bank.transfers.initiation.domain.Money, java.lang.String, java.time.Instant)> gets field <com.bank.transfers.initiation.domain.RailType.INTERNAL> in (TransferRoutingService.java:24)
    - Method <com.bank.transfers.routing.domain.TransferRoutingService.determineRail(com.bank.transfers.initiation.domain.Destination, com.bank.transfers.initiation.domain.Money, java.lang.String, java.time.Instant)> calls method <com.bank.transfers.initiation.domain.Money.getAmount()> in (TransferRoutingService.java:33)
    - Method <com.bank.transfers.routing.domain.TransferRoutingService.determineRail(com.bank.transfers.initiation.domain.Destination, com.bank.transfers.initiation.domain.Money, java.lang.String, java.time.Instant)> gets field <com.bank.transfers.initiation.domain.RailType.INTERAC> in (TransferRoutingService.java:35)
    - Method <com.bank.transfers.routing.domain.TransferRoutingService.determineRail(com.bank.transfers.initiation.domain.Destination, com.bank.transfers.initiation.domain.Money, java.lang.String, java.time.Instant)> gets field <com.bank.transfers.initiation.domain.RailType.ACH> in (TransferRoutingService.java:37)
    - Method <com.bank.transfers.routing.domain.TransferRoutingService.determineRail(com.bank.transfers.initiation.domain.Destination, com.bank.transfers.initiation.domain.Money, java.lang.String, java.time.Instant)> gets field <com.bank.transfers.initiation.domain.RailType.WIRE> in (TransferRoutingService.java:39)
- Module 'routing' depends on non-exposed type com.bank.transfers.initiation.domain.Destination within module 'initiation'!
Destination declares parameter Destination.determineRail(Destination, Money, String, Instant) in (TransferRoutingService.java:0)
- Module 'routing' depends on non-exposed type com.bank.transfers.initiation.domain.Money within module 'initiation'!
Money declares parameter Money.determineRail(Destination, Money, String, Instant) in (TransferRoutingService.java:0)
- Module 'routing' depends on non-exposed type com.bank.transfers.initiation.domain.RailType within module 'initiation'!
RailType declares return type RailType.determineRail(Destination, Money, String, Instant) in (TransferRoutingService.java:0)
- Module 'routing' depends on non-exposed type com.bank.transfers.initiation.domain.RailType within module 'initiation'!
Method <com.bank.transfers.routing.domain.TransferRoutingService.determineRail(com.bank.transfers.initiation.domain.Destination, com.bank.transfers.initiation.domain.Money, java.lang.String, java.time.Instant)> gets field <com.bank.transfers.initiation.domain.RailType.INTERAC> in (TransferRoutingService.java:35)
- Module 'routing' depends on non-exposed type com.bank.transfers.initiation.domain.RailType within module 'initiation'!
Method <com.bank.transfers.routing.domain.TransferRoutingService.determineRail(com.bank.transfers.initiation.domain.Destination, com.bank.transfers.initiation.domain.Money, java.lang.String, java.time.Instant)> gets field <com.bank.transfers.initiation.domain.RailType.WIRE> in (TransferRoutingService.java:39)
- Module 'routing' depends on non-exposed type com.bank.transfers.initiation.domain.RailType within module 'initiation'!
Method <com.bank.transfers.routing.domain.TransferRoutingService.determineRail(com.bank.transfers.initiation.domain.Destination, com.bank.transfers.initiation.domain.Money, java.lang.String, java.time.Instant)> gets field <com.bank.transfers.initiation.domain.RailType.ACH> in (TransferRoutingService.java:37)
- Module 'routing' depends on non-exposed type com.bank.transfers.initiation.domain.RailType within module 'initiation'!
Method <com.bank.transfers.routing.domain.TransferRoutingService.determineRail(com.bank.transfers.initiation.domain.Destination, com.bank.transfers.initiation.domain.Money, java.lang.String, java.time.Instant)> gets field <com.bank.transfers.initiation.domain.RailType.INTERNAL> in (TransferRoutingService.java:24)
- Module 'routing' depends on non-exposed type com.bank.transfers.initiation.domain.Money within module 'initiation'!
Method <com.bank.transfers.routing.domain.TransferRoutingService.determineRail(com.bank.transfers.initiation.domain.Destination, com.bank.transfers.initiation.domain.Money, java.lang.String, java.time.Instant)> calls method <com.bank.transfers.initiation.domain.Money.getAmount()> in (TransferRoutingService.java:33)
- Module 'routing' depends on non-exposed type com.bank.transfers.initiation.domain.Destination within module 'initiation'!
Method <com.bank.transfers.routing.domain.TransferRoutingService.determineRail(com.bank.transfers.initiation.domain.Destination, com.bank.transfers.initiation.domain.Money, java.lang.String, java.time.Instant)> calls method <com.bank.transfers.initiation.domain.Destination.isInternal()> in (TransferRoutingService.java:23)
- Module 'routing' depends on non-exposed type com.bank.transfers.initiation.domain.RailType within module 'initiation'!
Method <com.bank.transfers.routing.domain.TransferRoutingService.determineRail(com.bank.transfers.initiation.domain.Destination, com.bank.transfers.initiation.domain.Money, java.lang.String, java.time.Instant)> has return type <com.bank.transfers.initiation.domain.RailType> in (TransferRoutingService.java:0)
- Module 'routing' depends on non-exposed type com.bank.transfers.initiation.domain.Destination within module 'initiation'!
Method <com.bank.transfers.routing.domain.TransferRoutingService.determineRail(com.bank.transfers.initiation.domain.Destination, com.bank.transfers.initiation.domain.Money, java.lang.String, java.time.Instant)> has parameter of type <com.bank.transfers.initiation.domain.Destination> in (TransferRoutingService.java:0)
- Module 'routing' depends on non-exposed type com.bank.transfers.initiation.domain.Money within module 'initiation'!
Method <com.bank.transfers.routing.domain.TransferRoutingService.determineRail(com.bank.transfers.initiation.domain.Destination, com.bank.transfers.initiation.domain.Money, java.lang.String, java.time.Instant)> has parameter of type <com.bank.transfers.initiation.domain.Money> in (TransferRoutingService.java:0)
- Module 'fees' depends on non-exposed type com.bank.transfers.initiation.domain.RailType within module 'initiation'!
RailType declares parameter RailType.calculateFee(RailType, Money) in (TransferPricingService.java:0)
- Module 'fees' depends on non-exposed type com.bank.transfers.initiation.domain.Money within module 'initiation'!
Money declares parameter Money.calculateFee(RailType, Money) in (TransferPricingService.java:0)
- Module 'fees' depends on non-exposed type com.bank.transfers.initiation.domain.RailType within module 'initiation'!
RailType declares parameter RailType.shouldApplyFee(RailType) in (TransferPricingService.java:0)
- Module 'fees' depends on non-exposed type com.bank.transfers.initiation.domain.TransferFee within module 'initiation'!
TransferFee declares return type TransferFee.calculateFee(RailType, Money) in (TransferPricingService.java:0)
- Module 'fees' depends on non-exposed type com.bank.transfers.initiation.domain.FeeType within module 'initiation'!
Method <com.bank.transfers.fees.domain.TransferPricingService.calculateFee(com.bank.transfers.initiation.domain.RailType, com.bank.transfers.initiation.domain.Money)> gets field <com.bank.transfers.initiation.domain.FeeType.FLAT> in (TransferPricingService.java:48)
- Module 'fees' depends on non-exposed type com.bank.transfers.initiation.domain.RailType within module 'initiation'!
Method <com.bank.transfers.fees.domain.TransferPricingService.shouldApplyFee(com.bank.transfers.initiation.domain.RailType)> gets field <com.bank.transfers.initiation.domain.RailType.INTERNAL> in (TransferPricingService.java:55)
- Module 'fees' depends on non-exposed type com.bank.transfers.initiation.domain.TransferFee within module 'initiation'!
Method <com.bank.transfers.fees.domain.TransferPricingService.calculateFee(com.bank.transfers.initiation.domain.RailType, com.bank.transfers.initiation.domain.Money)> calls method <com.bank.transfers.initiation.domain.TransferFee.zero(java.lang.String)> in (TransferPricingService.java:44)
- Module 'fees' depends on non-exposed type com.bank.transfers.initiation.domain.Money within module 'initiation'!
Method <com.bank.transfers.fees.domain.TransferPricingService.calculateFee(com.bank.transfers.initiation.domain.RailType, com.bank.transfers.initiation.domain.Money)> calls method <com.bank.transfers.initiation.domain.Money.getCurrencyCode()> in (TransferPricingService.java:47)
- Module 'fees' depends on non-exposed type com.bank.transfers.initiation.domain.Money within module 'initiation'!
Method <com.bank.transfers.fees.domain.TransferPricingService.calculateFee(com.bank.transfers.initiation.domain.RailType, com.bank.transfers.initiation.domain.Money)> calls method <com.bank.transfers.initiation.domain.Money.getCurrencyCode()> in (TransferPricingService.java:44)
- Module 'fees' depends on non-exposed type com.bank.transfers.initiation.domain.RailType within module 'initiation'!
Method <com.bank.transfers.fees.domain.TransferPricingService.calculateFee(com.bank.transfers.initiation.domain.RailType, com.bank.transfers.initiation.domain.Money)> calls method <com.bank.transfers.initiation.domain.RailType.ordinal()> in (TransferPricingService.java:26)
- Module 'fees' depends on non-exposed type com.bank.transfers.initiation.domain.Money within module 'initiation'!
Method <com.bank.transfers.fees.domain.TransferPricingService.calculateFee(com.bank.transfers.initiation.domain.RailType, com.bank.transfers.initiation.domain.Money)> calls method <com.bank.transfers.initiation.domain.Money.of(java.math.BigDecimal, java.lang.String)> in (TransferPricingService.java:47)
- Module 'fees' depends on non-exposed type com.bank.transfers.initiation.domain.TransferFee within module 'initiation'!
Method <com.bank.transfers.fees.domain.TransferPricingService.calculateFee(com.bank.transfers.initiation.domain.RailType, com.bank.transfers.initiation.domain.Money)> calls method <com.bank.transfers.initiation.domain.TransferFee.of(com.bank.transfers.initiation.domain.Money, com.bank.transfers.initiation.domain.FeeType)> in (TransferPricingService.java:48)
- Module 'fees' depends on non-exposed type com.bank.transfers.initiation.domain.TransferFee within module 'initiation'!
Method <com.bank.transfers.fees.domain.TransferPricingService.calculateFee(com.bank.transfers.initiation.domain.RailType, com.bank.transfers.initiation.domain.Money)> has return type <com.bank.transfers.initiation.domain.TransferFee> in (TransferPricingService.java:0)
- Module 'fees' depends on non-exposed type com.bank.transfers.initiation.domain.RailType within module 'initiation'!
Method <com.bank.transfers.fees.domain.TransferPricingService.calculateFee(com.bank.transfers.initiation.domain.RailType, com.bank.transfers.initiation.domain.Money)> has parameter of type <com.bank.transfers.initiation.domain.RailType> in (TransferPricingService.java:0)
- Module 'fees' depends on non-exposed type com.bank.transfers.initiation.domain.Money within module 'initiation'!
Method <com.bank.transfers.fees.domain.TransferPricingService.calculateFee(com.bank.transfers.initiation.domain.RailType, com.bank.transfers.initiation.domain.Money)> has parameter of type <com.bank.transfers.initiation.domain.Money> in (TransferPricingService.java:0)
- Module 'fees' depends on non-exposed type com.bank.transfers.initiation.domain.RailType within module 'initiation'!
Method <com.bank.transfers.fees.domain.TransferPricingService.shouldApplyFee(com.bank.transfers.initiation.domain.RailType)> has parameter of type <com.bank.transfers.initiation.domain.RailType> in (TransferPricingService.java:0)
- Module 'fees' depends on non-exposed type com.bank.transfers.initiation.domain.RailType within module 'initiation'!
Static Initializer <com.bank.transfers.fees.domain.TransferPricingService$1.<clinit>()> gets field <com.bank.transfers.initiation.domain.RailType.WIRE> in (TransferPricingService.java:26)
- Module 'fees' depends on non-exposed type com.bank.transfers.initiation.domain.RailType within module 'initiation'!
Static Initializer <com.bank.transfers.fees.domain.TransferPricingService$1.<clinit>()> gets field <com.bank.transfers.initiation.domain.RailType.INTERNAL> in (TransferPricingService.java:26)
- Module 'fees' depends on non-exposed type com.bank.transfers.initiation.domain.RailType within module 'initiation'!
Static Initializer <com.bank.transfers.fees.domain.TransferPricingService$1.<clinit>()> gets field <com.bank.transfers.initiation.domain.RailType.ACH> in (TransferPricingService.java:26)
- Module 'fees' depends on non-exposed type com.bank.transfers.initiation.domain.RailType within module 'initiation'!
Static Initializer <com.bank.transfers.fees.domain.TransferPricingService$1.<clinit>()> gets field <com.bank.transfers.initiation.domain.RailType.INTERAC> in (TransferPricingService.java:26)
- Module 'fees' depends on non-exposed type com.bank.transfers.initiation.domain.RailType within module 'initiation'!
Static Initializer <com.bank.transfers.fees.domain.TransferPricingService$1.<clinit>()> calls method <com.bank.transfers.initiation.domain.RailType.ordinal()> in (TransferPricingService.java:26)
- Module 'fees' depends on non-exposed type com.bank.transfers.initiation.domain.RailType within module 'initiation'!
Static Initializer <com.bank.transfers.fees.domain.TransferPricingService$1.<clinit>()> calls method <com.bank.transfers.initiation.domain.RailType.values()> in (TransferPricingService.java:26)
- Module 'limitspolicy' depends on non-exposed type com.bank.transfers.initiation.domain.Money within module 'initiation'!
Money declares parameter Money.recordTransfer(Money) in (TransferLimitProfile.java:0)
- Module 'limitspolicy' depends on non-exposed type com.bank.transfers.initiation.domain.Money within module 'initiation'!
Money declares parameter Money.updateDailyLimit(Money) in (TransferLimitProfile.java:0)
- Module 'limitspolicy' depends on non-exposed type com.bank.transfers.initiation.domain.Money within module 'initiation'!
Money declares parameter Money.checkLimit(Money, String) in (TransferLimitProfile.java:0)
- Module 'limitspolicy' depends on non-exposed type com.bank.transfers.initiation.domain.Money within module 'initiation'!
Money declares parameter Money.create(String, Money) in (TransferLimitProfile.java:0)
- Module 'limitspolicy' depends on non-exposed type com.bank.transfers.initiation.domain.Money within module 'initiation'!
Money declares return type Money.getDailyLimit() in (TransferLimitProfile.java:0)
- Module 'limitspolicy' depends on non-exposed type com.bank.transfers.initiation.domain.Money within module 'initiation'!
Method <com.bank.transfers.limitspolicy.domain.TransferLimitProfile.checkLimit(com.bank.transfers.initiation.domain.Money, java.lang.String)> calls method <com.bank.transfers.initiation.domain.Money.getAmount()> in (TransferLimitProfile.java:85)
- Module 'limitspolicy' depends on non-exposed type com.bank.transfers.initiation.domain.Money within module 'initiation'!
Method <com.bank.transfers.limitspolicy.domain.TransferLimitProfile.checkLimit(com.bank.transfers.initiation.domain.Money, java.lang.String)> calls method <com.bank.transfers.initiation.domain.Money.isGreaterThan(com.bank.transfers.initiation.domain.Money)> in (TransferLimitProfile.java:78)
- Module 'limitspolicy' depends on non-exposed type com.bank.transfers.initiation.domain.Money within module 'initiation'!
Field <com.bank.transfers.limitspolicy.domain.TransferLimitProfile.dailyLimit> has type <com.bank.transfers.initiation.domain.Money> in (TransferLimitProfile.java:0)
- Module 'limitspolicy' depends on non-exposed type com.bank.transfers.initiation.domain.Money within module 'initiation'!
Method <com.bank.transfers.limitspolicy.domain.TransferLimitProfile.getDailyLimit()> has return type <com.bank.transfers.initiation.domain.Money> in (TransferLimitProfile.java:0)
- Module 'limitspolicy' depends on non-exposed type com.bank.transfers.initiation.domain.Money within module 'initiation'!
Method <com.bank.transfers.limitspolicy.domain.TransferLimitProfile.create(java.lang.String, com.bank.transfers.initiation.domain.Money)> has parameter of type <com.bank.transfers.initiation.domain.Money> in (TransferLimitProfile.java:0)
- Module 'limitspolicy' depends on non-exposed type com.bank.transfers.initiation.domain.Money within module 'initiation'!
Method <com.bank.transfers.limitspolicy.domain.TransferLimitProfile.updateDailyLimit(com.bank.transfers.initiation.domain.Money)> has parameter of type <com.bank.transfers.initiation.domain.Money> in (TransferLimitProfile.java:0)
- Module 'limitspolicy' depends on non-exposed type com.bank.transfers.initiation.domain.Money within module 'initiation'!
Method <com.bank.transfers.limitspolicy.domain.TransferLimitProfile.checkLimit(com.bank.transfers.initiation.domain.Money, java.lang.String)> has parameter of type <com.bank.transfers.initiation.domain.Money> in (TransferLimitProfile.java:0)
- Module 'limitspolicy' depends on non-exposed type com.bank.transfers.initiation.domain.Money within module 'initiation'!
Method <com.bank.transfers.limitspolicy.domain.TransferLimitProfile.recordTransfer(com.bank.transfers.initiation.domain.Money)> has parameter of type <com.bank.transfers.initiation.domain.Money> in (TransferLimitProfile.java:0)
- Module 'limitspolicy' depends on non-exposed type com.bank.transfers.initiation.domain.Money within module 'initiation'!
Constructor <com.bank.transfers.limitspolicy.domain.TransferLimitProfile.<init>(java.lang.String, com.bank.transfers.initiation.domain.Money)> has parameter of type <com.bank.transfers.initiation.domain.Money> in (TransferLimitProfile.java:0)
- Module 'limitspolicy' depends on non-exposed type com.bank.transfers.initiation.domain.Money within module 'initiation'!
Money declares parameter Money.requiresStepUp(Money, AuthorizationContext, String) in (TransferPolicyService.java:0)
- Module 'limitspolicy' depends on non-exposed type com.bank.transfers.initiation.domain.AuthorizationContext within module 'initiation'!
AuthorizationContext declares parameter AuthorizationContext.requiresStepUp(Money, AuthorizationContext, String) in (TransferPolicyService.java:0)
- Module 'limitspolicy' depends on non-exposed type com.bank.transfers.initiation.domain.Money within module 'initiation'!
Money declares parameter Money.shouldBlock(Money, String, String) in (TransferPolicyService.java:0)
- Module 'limitspolicy' depends on non-exposed type com.bank.transfers.initiation.domain.AuthStrength within module 'initiation'!
Method <com.bank.transfers.limitspolicy.domain.TransferPolicyService.requiresStepUp(com.bank.transfers.initiation.domain.Money, com.bank.transfers.initiation.domain.AuthorizationContext, java.lang.String)> gets field <com.bank.transfers.initiation.domain.AuthStrength.WEAK> in (TransferPolicyService.java:30)
- Module 'limitspolicy' depends on non-exposed type com.bank.transfers.initiation.domain.Money within module 'initiation'!
Method <com.bank.transfers.limitspolicy.domain.TransferPolicyService.shouldBlock(com.bank.transfers.initiation.domain.Money, java.lang.String, java.lang.String)> calls method <com.bank.transfers.initiation.domain.Money.of(java.math.BigDecimal, java.lang.String)> in (TransferPolicyService.java:51)
- Module 'limitspolicy' depends on non-exposed type com.bank.transfers.initiation.domain.Money within module 'initiation'!
Method <com.bank.transfers.limitspolicy.domain.TransferPolicyService.shouldBlock(com.bank.transfers.initiation.domain.Money, java.lang.String, java.lang.String)> calls method <com.bank.transfers.initiation.domain.Money.isGreaterThan(com.bank.transfers.initiation.domain.Money)> in (TransferPolicyService.java:51)
- Module 'limitspolicy' depends on non-exposed type com.bank.transfers.initiation.domain.AuthorizationContext within module 'initiation'!
Method <com.bank.transfers.limitspolicy.domain.TransferPolicyService.requiresStepUp(com.bank.transfers.initiation.domain.Money, com.bank.transfers.initiation.domain.AuthorizationContext, java.lang.String)> calls method <com.bank.transfers.initiation.domain.AuthorizationContext.getDeviceRiskScore()> in (TransferPolicyService.java:35)
- Module 'limitspolicy' depends on non-exposed type com.bank.transfers.initiation.domain.AuthorizationContext within module 'initiation'!
Method <com.bank.transfers.limitspolicy.domain.TransferPolicyService.requiresStepUp(com.bank.transfers.initiation.domain.Money, com.bank.transfers.initiation.domain.AuthorizationContext, java.lang.String)> calls method <com.bank.transfers.initiation.domain.AuthorizationContext.getAuthStrength()> in (TransferPolicyService.java:30)
- Module 'limitspolicy' depends on non-exposed type com.bank.transfers.initiation.domain.Money within module 'initiation'!
Method <com.bank.transfers.limitspolicy.domain.TransferPolicyService.requiresStepUp(com.bank.transfers.initiation.domain.Money, com.bank.transfers.initiation.domain.AuthorizationContext, java.lang.String)> calls method <com.bank.transfers.initiation.domain.Money.isGreaterThan(com.bank.transfers.initiation.domain.Money)> in (TransferPolicyService.java:26)
- Module 'limitspolicy' depends on non-exposed type com.bank.transfers.initiation.domain.AuthorizationContext within module 'initiation'!
Method <com.bank.transfers.limitspolicy.domain.TransferPolicyService.requiresStepUp(com.bank.transfers.initiation.domain.Money, com.bank.transfers.initiation.domain.AuthorizationContext, java.lang.String)> calls method <com.bank.transfers.initiation.domain.AuthorizationContext.getDeviceRiskScore()> in (TransferPolicyService.java:34)
- Module 'limitspolicy' depends on non-exposed type com.bank.transfers.initiation.domain.Money within module 'initiation'!
Static Initializer <com.bank.transfers.limitspolicy.domain.TransferPolicyService.<clinit>()> calls method <com.bank.transfers.initiation.domain.Money.of(java.math.BigDecimal, java.lang.String)> in (TransferPolicyService.java:11)
- Module 'limitspolicy' depends on non-exposed type com.bank.transfers.initiation.domain.Money within module 'initiation'!
Field <com.bank.transfers.limitspolicy.domain.TransferPolicyService.STEP_UP_THRESHOLD> has type <com.bank.transfers.initiation.domain.Money> in (TransferPolicyService.java:0)
- Module 'limitspolicy' depends on non-exposed type com.bank.transfers.initiation.domain.Money within module 'initiation'!
Method <com.bank.transfers.limitspolicy.domain.TransferPolicyService.shouldBlock(com.bank.transfers.initiation.domain.Money, java.lang.String, java.lang.String)> has parameter of type <com.bank.transfers.initiation.domain.Money> in (TransferPolicyService.java:0)
- Module 'limitspolicy' depends on non-exposed type com.bank.transfers.initiation.domain.Money within module 'initiation'!
Method <com.bank.transfers.limitspolicy.domain.TransferPolicyService.requiresStepUp(com.bank.transfers.initiation.domain.Money, com.bank.transfers.initiation.domain.AuthorizationContext, java.lang.String)> has parameter of type <com.bank.transfers.initiation.domain.Money> in (TransferPolicyService.java:0)
- Module 'limitspolicy' depends on non-exposed type com.bank.transfers.initiation.domain.AuthorizationContext within module 'initiation'!
Method <com.bank.transfers.limitspolicy.domain.TransferPolicyService.requiresStepUp(com.bank.transfers.initiation.domain.Money, com.bank.transfers.initiation.domain.AuthorizationContext, java.lang.String)> has parameter of type <com.bank.transfers.initiation.domain.AuthorizationContext> in (TransferPolicyService.java:0)
- Module 'initiation' depends on non-exposed type com.bank.transfers.routing.domain.TransferRoutingService within module 'routing'!
TransferService declares constructor TransferService(TransferRepositoryPort, TransferRoutingService, TransferPricingService, AccountsPort, IdentityPort, RiskPort, ApplicationEventPublisher) in (TransferService.java:0)
- Module 'initiation' depends on non-exposed type com.bank.transfers.fees.domain.TransferPricingService within module 'fees'!
TransferService declares constructor TransferService(TransferRepositoryPort, TransferRoutingService, TransferPricingService, AccountsPort, IdentityPort, RiskPort, ApplicationEventPublisher) in (TransferService.java:0)
- Module 'initiation' depends on non-exposed type com.bank.transfers.routing.domain.TransferRoutingService within module 'routing'!
Method <com.bank.transfers.initiation.application.service.TransferService.createTransfer(com.bank.transfers.initiation.application.port.in.CreateTransferUseCase$CreateTransferCommand)> calls method <com.bank.transfers.routing.domain.TransferRoutingService.determineRail(com.bank.transfers.initiation.domain.Destination, com.bank.transfers.initiation.domain.Money, java.lang.String, java.time.Instant)> in (TransferService.java:57)
- Module 'initiation' depends on non-exposed type com.bank.transfers.fees.domain.TransferPricingService within module 'fees'!
Method <com.bank.transfers.initiation.application.service.TransferService.createTransfer(com.bank.transfers.initiation.application.port.in.CreateTransferUseCase$CreateTransferCommand)> calls method <com.bank.transfers.fees.domain.TransferPricingService.calculateFee(com.bank.transfers.initiation.domain.RailType, com.bank.transfers.initiation.domain.Money)> in (TransferService.java:80)
- Module 'initiation' depends on non-exposed type com.bank.transfers.routing.domain.TransferRoutingService within module 'routing'!
Field <com.bank.transfers.initiation.application.service.TransferService.routingService> has type <com.bank.transfers.routing.domain.TransferRoutingService> in (TransferService.java:0)
- Module 'initiation' depends on non-exposed type com.bank.transfers.fees.domain.TransferPricingService within module 'fees'!
Field <com.bank.transfers.initiation.application.service.TransferService.pricingService> has type <com.bank.transfers.fees.domain.TransferPricingService> in (TransferService.java:0)
- Module 'initiation' depends on non-exposed type com.bank.transfers.routing.domain.TransferRoutingService within module 'routing'!
Constructor <com.bank.transfers.initiation.application.service.TransferService.<init>(com.bank.transfers.initiation.application.port.out.TransferRepositoryPort, com.bank.transfers.routing.domain.TransferRoutingService, com.bank.transfers.fees.domain.TransferPricingService, com.bank.transfers.initiation.application.port.out.AccountsPort, com.bank.transfers.initiation.application.port.out.IdentityPort, com.bank.transfers.initiation.application.port.out.RiskPort, org.springframework.context.ApplicationEventPublisher)> has parameter of type <com.bank.transfers.routing.domain.TransferRoutingService> in (TransferService.java:0)
- Module 'initiation' depends on non-exposed type com.bank.transfers.fees.domain.TransferPricingService within module 'fees'!
Constructor <com.bank.transfers.initiation.application.service.TransferService.<init>(com.bank.transfers.initiation.application.port.out.TransferRepositoryPort, com.bank.transfers.routing.domain.TransferRoutingService, com.bank.transfers.fees.domain.TransferPricingService, com.bank.transfers.initiation.application.port.out.AccountsPort, com.bank.transfers.initiation.application.port.out.IdentityPort, com.bank.transfers.initiation.application.port.out.RiskPort, org.springframework.context.ApplicationEventPublisher)> has parameter of type <com.bank.transfers.fees.domain.TransferPricingService> in (TransferService.java:0)
- Module 'config' depends on non-exposed type com.bank.transfers.initiation.application.port.in.CreateTransferUseCase within module 'initiation'!
DataInitializer declares constructor DataInitializer(CreateTransferUseCase, AddBeneficiaryUseCase) in (DataInitializer.java:0)
- Module 'config' depends on non-exposed type com.bank.transfers.beneficiaries.application.port.in.AddBeneficiaryUseCase within module 'beneficiaries'!
DataInitializer declares constructor DataInitializer(CreateTransferUseCase, AddBeneficiaryUseCase) in (DataInitializer.java:0)
- Module 'config' depends on non-exposed type com.bank.transfers.initiation.application.port.in.CreateTransferUseCase within module 'initiation'!
Method <com.bank.transfers.config.DataInitializer.run([Ljava.lang.String;)> calls method <com.bank.transfers.initiation.application.port.in.CreateTransferUseCase.createTransfer(com.bank.transfers.initiation.application.port.in.CreateTransferUseCase$CreateTransferCommand)> in (DataInitializer.java:53)
- Module 'config' depends on non-exposed type com.bank.transfers.initiation.application.port.in.CreateTransferUseCase within module 'initiation'!
Method <com.bank.transfers.config.DataInitializer.run([Ljava.lang.String;)> calls method <com.bank.transfers.initiation.application.port.in.CreateTransferUseCase.createTransfer(com.bank.transfers.initiation.application.port.in.CreateTransferUseCase$CreateTransferCommand)> in (DataInitializer.java:37)
- Module 'config' depends on non-exposed type com.bank.transfers.beneficiaries.application.port.in.AddBeneficiaryUseCase within module 'beneficiaries'!
Method <com.bank.transfers.config.DataInitializer.run([Ljava.lang.String;)> calls method <com.bank.transfers.beneficiaries.application.port.in.AddBeneficiaryUseCase.addBeneficiary(com.bank.transfers.beneficiaries.application.port.in.AddBeneficiaryUseCase$AddBeneficiaryCommand)> in (DataInitializer.java:25)
- Module 'config' depends on non-exposed type com.bank.transfers.initiation.application.port.in.CreateTransferUseCase within module 'initiation'!
Method <com.bank.transfers.config.DataInitializer.run([Ljava.lang.String;)> calls method <com.bank.transfers.initiation.application.port.in.CreateTransferUseCase.createTransfer(com.bank.transfers.initiation.application.port.in.CreateTransferUseCase$CreateTransferCommand)> in (DataInitializer.java:69)
- Module 'config' depends on non-exposed type com.bank.transfers.initiation.domain.TransferId within module 'initiation'!
Method <com.bank.transfers.config.DataInitializer.run([Ljava.lang.String;)> calls method <com.bank.transfers.initiation.domain.TransferId.generate()> in (DataInitializer.java:70)
- Module 'config' depends on non-exposed type com.bank.transfers.initiation.domain.TransferId within module 'initiation'!
Method <com.bank.transfers.config.DataInitializer.run([Ljava.lang.String;)> calls method <com.bank.transfers.initiation.domain.TransferId.generate()> in (DataInitializer.java:38)
- Module 'config' depends on non-exposed type com.bank.transfers.initiation.domain.TransferId within module 'initiation'!
Method <com.bank.transfers.config.DataInitializer.run([Ljava.lang.String;)> calls method <com.bank.transfers.initiation.domain.TransferId.generate()> in (DataInitializer.java:54)
- Module 'config' depends on non-exposed type com.bank.transfers.beneficiaries.application.port.in.AddBeneficiaryUseCase$AddBeneficiaryCommand within module 'beneficiaries'!
Method <com.bank.transfers.config.DataInitializer.run([Ljava.lang.String;)> calls constructor <com.bank.transfers.beneficiaries.application.port.in.AddBeneficiaryUseCase$AddBeneficiaryCommand.<init>(java.lang.String, java.lang.String, java.lang.String, java.lang.String)> in (DataInitializer.java:25)
- Module 'config' depends on non-exposed type com.bank.transfers.initiation.application.port.in.CreateTransferUseCase$CreateTransferCommand within module 'initiation'!
Method <com.bank.transfers.config.DataInitializer.run([Ljava.lang.String;)> calls constructor <com.bank.transfers.initiation.application.port.in.CreateTransferUseCase$CreateTransferCommand.<init>(com.bank.transfers.initiation.domain.TransferId, java.lang.String, java.lang.String, boolean, java.lang.String, java.lang.String, java.lang.String, java.lang.String, java.lang.String, java.lang.String, java.lang.String, java.lang.String)> in (DataInitializer.java:78)
- Module 'config' depends on non-exposed type com.bank.transfers.initiation.application.port.in.CreateTransferUseCase$CreateTransferCommand within module 'initiation'!
Method <com.bank.transfers.config.DataInitializer.run([Ljava.lang.String;)> calls constructor <com.bank.transfers.initiation.application.port.in.CreateTransferUseCase$CreateTransferCommand.<init>(com.bank.transfers.initiation.domain.TransferId, java.lang.String, java.lang.String, boolean, java.lang.String, java.lang.String, java.lang.String, java.lang.String, java.lang.String, java.lang.String, java.lang.String, java.lang.String)> in (DataInitializer.java:46)
- Module 'config' depends on non-exposed type com.bank.transfers.initiation.application.port.in.CreateTransferUseCase$CreateTransferCommand within module 'initiation'!
Method <com.bank.transfers.config.DataInitializer.run([Ljava.lang.String;)> calls constructor <com.bank.transfers.initiation.application.port.in.CreateTransferUseCase$CreateTransferCommand.<init>(com.bank.transfers.initiation.domain.TransferId, java.lang.String, java.lang.String, boolean, java.lang.String, java.lang.String, java.lang.String, java.lang.String, java.lang.String, java.lang.String, java.lang.String, java.lang.String)> in (DataInitializer.java:62)
- Module 'config' depends on non-exposed type com.bank.transfers.initiation.application.port.in.CreateTransferUseCase within module 'initiation'!
Field <com.bank.transfers.config.DataInitializer.createTransferUseCase> has type <com.bank.transfers.initiation.application.port.in.CreateTransferUseCase> in (DataInitializer.java:0)
- Module 'config' depends on non-exposed type com.bank.transfers.beneficiaries.application.port.in.AddBeneficiaryUseCase within module 'beneficiaries'!
Field <com.bank.transfers.config.DataInitializer.addBeneficiaryUseCase> has type <com.bank.transfers.beneficiaries.application.port.in.AddBeneficiaryUseCase> in (DataInitializer.java:0)
- Module 'config' depends on non-exposed type com.bank.transfers.initiation.application.port.in.CreateTransferUseCase within module 'initiation'!
Constructor <com.bank.transfers.config.DataInitializer.<init>(com.bank.transfers.initiation.application.port.in.CreateTransferUseCase, com.bank.transfers.beneficiaries.application.port.in.AddBeneficiaryUseCase)> has parameter of type <com.bank.transfers.initiation.application.port.in.CreateTransferUseCase> in (DataInitializer.java:0)
- Module 'config' depends on non-exposed type com.bank.transfers.beneficiaries.application.port.in.AddBeneficiaryUseCase within module 'beneficiaries'!
Constructor <com.bank.transfers.config.DataInitializer.<init>(com.bank.transfers.initiation.application.port.in.CreateTransferUseCase, com.bank.transfers.beneficiaries.application.port.in.AddBeneficiaryUseCase)> has parameter of type <com.bank.transfers.beneficiaries.application.port.in.AddBeneficiaryUseCase> in (DataInitializer.java:0)
]]></system-out>
  <system-err><![CDATA[]]></system-err>
</testsuite>
