<?xml version="1.0" encoding="UTF-8"?>
<testsuite name="Spring Modulith Architecture Verification" tests="1" skipped="0" failures="0" errors="0" timestamp="2025-12-19T18:23:35" hostname="Conos-Mac-Studio.local" time="0.549">
  <properties/>
  <testcase name="Verify Spring Modulith detects violations (demonstration)" classname="com.bank.accounts.ModulithTest" time="0.549"/>
  <system-out><![CDATA[13:23:35.123 [Test worker] INFO com.tngtech.archunit.core.PluginLoader -- Detected Java version 17.0.17
=== Detected Violations ===
1. Cyclic dependency: posting → pricing → posting
2. Non-exposed types: balances accessing lifecycle.domain.AccountId
3. Non-exposed types: balances accessing posting.domain.events.*

Full violations message:
org.springframework.modulith.core.Violations: - Cycle detected: Slice posting -> 
                Slice pricing -> 
                Slice posting
  1. Dependencies of Slice posting
    - Constructor <com.bank.accounts.posting.application.service.PostTransactionService.<init>(com.bank.accounts.posting.application.port.out.PostingRepositoryPort, com.bank.accounts.posting.application.port.out.LoadAccountPort, com.bank.accounts.holds.api.HoldsQueryPort, com.bank.accounts.pricing.api.PricingPort, org.springframework.context.ApplicationEventPublisher)> has parameter of type <com.bank.accounts.pricing.api.PricingPort> in (PostTransactionService.java:0)
    - Field <com.bank.accounts.posting.application.service.PostTransactionService.pricingPort> has type <com.bank.accounts.pricing.api.PricingPort> in (PostTransactionService.java:0)
  2. Dependencies of Slice pricing
    - Constructor <com.bank.accounts.pricing.application.port.in.CalculateFeeUseCase$AssessFeeCommand.<init>(com.bank.accounts.lifecycle.domain.AccountId, com.bank.accounts.posting.domain.PostingType, java.math.BigDecimal)> has parameter of type <com.bank.accounts.posting.domain.PostingType> in (CalculateFeeUseCase.java:0)
    - Field <com.bank.accounts.pricing.application.port.in.CalculateFeeUseCase$AssessFeeCommand.postingType> has type <com.bank.accounts.posting.domain.PostingType> in (CalculateFeeUseCase.java:0)
    - Method <com.bank.accounts.pricing.adapter.out.api.PricingAdapter.calculateFee(com.bank.accounts.lifecycle.domain.AccountId, com.bank.accounts.posting.domain.PostingType, java.math.BigDecimal)> has parameter of type <com.bank.accounts.posting.domain.PostingType> in (PricingAdapter.java:0)
    - Method <com.bank.accounts.pricing.adapter.out.api.PricingAdapter.shouldApplyFee(com.bank.accounts.lifecycle.domain.AccountId, com.bank.accounts.posting.domain.PostingType, java.math.BigDecimal)> has parameter of type <com.bank.accounts.posting.domain.PostingType> in (PricingAdapter.java:0)
    - Method <com.bank.accounts.pricing.api.PricingPort.calculateFee(com.bank.accounts.lifecycle.domain.AccountId, com.bank.accounts.posting.domain.PostingType, java.math.BigDecimal)> has parameter of type <com.bank.accounts.posting.domain.PostingType> in (PricingPort.java:0)
    - Method <com.bank.accounts.pricing.api.PricingPort.shouldApplyFee(com.bank.accounts.lifecycle.domain.AccountId, com.bank.accounts.posting.domain.PostingType, java.math.BigDecimal)> has parameter of type <com.bank.accounts.posting.domain.PostingType> in (PricingPort.java:0)
    - Method <com.bank.accounts.pricing.application.port.in.CalculateFeeUseCase$AssessFeeCommand.postingType()> has return type <com.bank.accounts.posting.domain.PostingType> in (CalculateFeeUseCase.java:0)
    - Method <com.bank.accounts.pricing.application.service.PricingService.calculateFeeAmount(com.bank.accounts.posting.domain.PostingType, java.math.BigDecimal)> has parameter of type <com.bank.accounts.posting.domain.PostingType> in (PricingService.java:0)
    - Method <com.bank.accounts.pricing.application.service.PricingService.determineFeeType(com.bank.accounts.posting.domain.PostingType)> has parameter of type <com.bank.accounts.posting.domain.PostingType> in (PricingService.java:0)
    - Method <com.bank.accounts.pricing.application.service.PricingService.calculateFeeAmount(com.bank.accounts.posting.domain.PostingType, java.math.BigDecimal)> gets field <com.bank.accounts.posting.domain.PostingType.DEBIT> in (PricingService.java:82)
    - Method <com.bank.accounts.pricing.application.service.PricingService.determineFeeType(com.bank.accounts.posting.domain.PostingType)> gets field <com.bank.accounts.posting.domain.PostingType.DEBIT> in (PricingService.java:91)
- Module 'balances' depends on non-exposed type com.bank.accounts.posting.domain.events.AccountCredited within module 'posting'!
AccountCredited declares parameter AccountCredited.handle(AccountCredited) in (BalanceUpdateListener.java:0)
- Module 'balances' depends on non-exposed type com.bank.accounts.lifecycle.domain.AccountId within module 'lifecycle'!
AccountId declares parameter AccountId.publishBalanceUpdated(AccountId, AccountBalance) in (BalanceUpdateListener.java:0)
- Module 'balances' depends on non-exposed type com.bank.accounts.posting.domain.events.AccountDebited within module 'posting'!
AccountDebited declares parameter AccountDebited.handle(AccountDebited) in (BalanceUpdateListener.java:0)
- Module 'balances' depends on non-exposed type com.bank.accounts.lifecycle.domain.AccountId within module 'lifecycle'!
AccountId declares parameter AccountId.getOrCreateBalance(AccountId) in (BalanceUpdateListener.java:0)
- Module 'balances' depends on non-exposed type com.bank.accounts.posting.domain.events.PostingReversed within module 'posting'!
PostingReversed declares parameter PostingReversed.handle(PostingReversed) in (BalanceUpdateListener.java:0)
- Module 'balances' depends on non-exposed type com.bank.accounts.posting.domain.events.AccountCredited within module 'posting'!
Method <com.bank.accounts.balances.adapter.in.events.BalanceUpdateListener.handle(com.bank.accounts.posting.domain.events.AccountCredited)> calls method <com.bank.accounts.posting.domain.events.AccountCredited.accountId()> in (BalanceUpdateListener.java:40)
- Module 'balances' depends on non-exposed type com.bank.accounts.posting.domain.events.AccountCredited within module 'posting'!
Method <com.bank.accounts.balances.adapter.in.events.BalanceUpdateListener.handle(com.bank.accounts.posting.domain.events.AccountCredited)> calls method <com.bank.accounts.posting.domain.events.AccountCredited.amount()> in (BalanceUpdateListener.java:41)
- Module 'balances' depends on non-exposed type com.bank.accounts.posting.domain.events.AccountCredited within module 'posting'!
Method <com.bank.accounts.balances.adapter.in.events.BalanceUpdateListener.handle(com.bank.accounts.posting.domain.events.AccountCredited)> calls method <com.bank.accounts.posting.domain.events.AccountCredited.accountId()> in (BalanceUpdateListener.java:43)
- Module 'balances' depends on non-exposed type com.bank.accounts.posting.domain.events.AccountDebited within module 'posting'!
Method <com.bank.accounts.balances.adapter.in.events.BalanceUpdateListener.handle(com.bank.accounts.posting.domain.events.AccountDebited)> calls method <com.bank.accounts.posting.domain.events.AccountDebited.accountId()> in (BalanceUpdateListener.java:34)
- Module 'balances' depends on non-exposed type com.bank.accounts.posting.domain.events.AccountDebited within module 'posting'!
Method <com.bank.accounts.balances.adapter.in.events.BalanceUpdateListener.handle(com.bank.accounts.posting.domain.events.AccountDebited)> calls method <com.bank.accounts.posting.domain.events.AccountDebited.accountId()> in (BalanceUpdateListener.java:31)
- Module 'balances' depends on non-exposed type com.bank.accounts.posting.domain.events.AccountDebited within module 'posting'!
Method <com.bank.accounts.balances.adapter.in.events.BalanceUpdateListener.handle(com.bank.accounts.posting.domain.events.AccountDebited)> calls method <com.bank.accounts.posting.domain.events.AccountDebited.amount()> in (BalanceUpdateListener.java:32)
- Module 'balances' depends on non-exposed type com.bank.accounts.posting.domain.events.AccountCredited within module 'posting'!
Method <com.bank.accounts.balances.adapter.in.events.BalanceUpdateListener.handle(com.bank.accounts.posting.domain.events.AccountCredited)> has parameter of type <com.bank.accounts.posting.domain.events.AccountCredited> in (BalanceUpdateListener.java:0)
- Module 'balances' depends on non-exposed type com.bank.accounts.posting.domain.events.PostingReversed within module 'posting'!
Method <com.bank.accounts.balances.adapter.in.events.BalanceUpdateListener.handle(com.bank.accounts.posting.domain.events.PostingReversed)> has parameter of type <com.bank.accounts.posting.domain.events.PostingReversed> in (BalanceUpdateListener.java:0)
- Module 'balances' depends on non-exposed type com.bank.accounts.lifecycle.domain.AccountId within module 'lifecycle'!
Method <com.bank.accounts.balances.adapter.in.events.BalanceUpdateListener.getOrCreateBalance(com.bank.accounts.lifecycle.domain.AccountId)> has parameter of type <com.bank.accounts.lifecycle.domain.AccountId> in (BalanceUpdateListener.java:0)
- Module 'balances' depends on non-exposed type com.bank.accounts.posting.domain.events.AccountDebited within module 'posting'!
Method <com.bank.accounts.balances.adapter.in.events.BalanceUpdateListener.handle(com.bank.accounts.posting.domain.events.AccountDebited)> has parameter of type <com.bank.accounts.posting.domain.events.AccountDebited> in (BalanceUpdateListener.java:0)
- Module 'balances' depends on non-exposed type com.bank.accounts.lifecycle.domain.AccountId within module 'lifecycle'!
Method <com.bank.accounts.balances.adapter.in.events.BalanceUpdateListener.publishBalanceUpdated(com.bank.accounts.lifecycle.domain.AccountId, com.bank.accounts.balances.domain.AccountBalance)> has parameter of type <com.bank.accounts.lifecycle.domain.AccountId> in (BalanceUpdateListener.java:0)
- Module 'balances' depends on non-exposed type com.bank.accounts.lifecycle.domain.AccountId within module 'lifecycle'!
AccountId declares parameter AccountId.findByAccountId(AccountId) in (BalanceRepositoryPort.java:0)
- Module 'balances' depends on non-exposed type com.bank.accounts.lifecycle.domain.AccountId within module 'lifecycle'!
AccountId declares parameter AccountId.findByAccountId(AccountId) in (JpaBalanceRepository.java:0)
- Module 'balances' depends on non-exposed type com.bank.accounts.lifecycle.domain.AccountId within module 'lifecycle'!
Method <com.bank.accounts.balances.adapter.out.persistence.BalanceRepositoryAdapter.findByAccountId(com.bank.accounts.lifecycle.domain.AccountId)> has parameter of type <com.bank.accounts.lifecycle.domain.AccountId> in (JpaBalanceRepository.java:0)
- Module 'balances' depends on non-exposed type com.bank.accounts.lifecycle.domain.AccountId within module 'lifecycle'!
AccountId declares parameter AccountId.findByAccountId(AccountId) in (JpaBalanceRepository.java:0)
- Module 'balances' depends on non-exposed type com.bank.accounts.lifecycle.domain.AccountId within module 'lifecycle'!
Class <com.bank.accounts.balances.adapter.out.persistence.JpaBalanceRepository> has generic interface <org.springframework.data.jpa.repository.JpaRepository<com.bank.accounts.balances.domain.AccountBalance, com.bank.accounts.lifecycle.domain.AccountId>> with type argument depending on <com.bank.accounts.lifecycle.domain.AccountId> in (JpaBalanceRepository.java:0)
- Module 'balances' depends on non-exposed type com.bank.accounts.lifecycle.domain.AccountId within module 'lifecycle'!
Method <com.bank.accounts.balances.adapter.out.persistence.JpaBalanceRepository.findByAccountId(com.bank.accounts.lifecycle.domain.AccountId)> has parameter of type <com.bank.accounts.lifecycle.domain.AccountId> in (JpaBalanceRepository.java:0)
- Module 'balances' depends on non-exposed type com.bank.accounts.lifecycle.domain.AccountId within module 'lifecycle'!
AccountId declares parameter AccountId.getAvailableBalance(AccountId) in (GetAvailableBalanceUseCase.java:0)
- Module 'balances' depends on non-exposed type com.bank.accounts.lifecycle.domain.AccountId within module 'lifecycle'!
Method <com.bank.accounts.balances.application.port.in.GetAvailableBalanceUseCase.getAvailableBalance(com.bank.accounts.lifecycle.domain.AccountId)> has parameter of type <com.bank.accounts.lifecycle.domain.AccountId> in (GetAvailableBalanceUseCase.java:0)
- Module 'balances' depends on non-exposed type com.bank.accounts.lifecycle.domain.AccountId within module 'lifecycle'!
AccountId declares parameter AccountId.getBalance(AccountId) in (GetBalanceUseCase.java:0)
- Module 'balances' depends on non-exposed type com.bank.accounts.lifecycle.domain.AccountId within module 'lifecycle'!
Method <com.bank.accounts.balances.application.port.in.GetBalanceUseCase.getBalance(com.bank.accounts.lifecycle.domain.AccountId)> has parameter of type <com.bank.accounts.lifecycle.domain.AccountId> in (GetBalanceUseCase.java:0)
- Module 'balances' depends on non-exposed type com.bank.accounts.lifecycle.domain.AccountId within module 'lifecycle'!
AccountId declares parameter AccountId.findByAccountId(AccountId) in (BalanceRepositoryPort.java:0)
- Module 'balances' depends on non-exposed type com.bank.accounts.lifecycle.domain.AccountId within module 'lifecycle'!
Method <com.bank.accounts.balances.application.port.out.BalanceRepositoryPort.findByAccountId(com.bank.accounts.lifecycle.domain.AccountId)> has parameter of type <com.bank.accounts.lifecycle.domain.AccountId> in (BalanceRepositoryPort.java:0)
- Module 'balances' depends on non-exposed type com.bank.accounts.lifecycle.domain.AccountId within module 'lifecycle'!
AccountId declares return type AccountId.getAccountId() in (AccountBalance.java:0)
- Module 'balances' depends on non-exposed type com.bank.accounts.lifecycle.domain.AccountId within module 'lifecycle'!
Field <com.bank.accounts.balances.domain.AccountBalance.accountId> has type <com.bank.accounts.lifecycle.domain.AccountId> in (AccountBalance.java:0)
- Module 'balances' depends on non-exposed type com.bank.accounts.lifecycle.domain.AccountId within module 'lifecycle'!
Method <com.bank.accounts.balances.domain.AccountBalance.getAccountId()> has return type <com.bank.accounts.lifecycle.domain.AccountId> in (AccountBalance.java:0)
- Module 'balances' depends on non-exposed type com.bank.accounts.lifecycle.domain.AccountId within module 'lifecycle'!
Constructor <com.bank.accounts.balances.domain.AccountBalance.<init>(com.bank.accounts.lifecycle.domain.AccountId)> has parameter of type <com.bank.accounts.lifecycle.domain.AccountId> in (AccountBalance.java:0)
- Module 'balances' depends on non-exposed type com.bank.accounts.lifecycle.domain.AccountId within module 'lifecycle'!
AccountId declares parameter AccountId(AccountId, BigDecimal, BigDecimal, Instant) in (BalanceUpdated.java:0)
- Module 'balances' depends on non-exposed type com.bank.accounts.lifecycle.domain.AccountId within module 'lifecycle'!
AccountId declares return type AccountId.accountId() in (BalanceUpdated.java:0)
- Module 'balances' depends on non-exposed type com.bank.accounts.lifecycle.domain.AccountId within module 'lifecycle'!
Field <com.bank.accounts.balances.domain.events.BalanceUpdated.accountId> has type <com.bank.accounts.lifecycle.domain.AccountId> in (BalanceUpdated.java:0)
- Module 'balances' depends on non-exposed type com.bank.accounts.lifecycle.domain.AccountId within module 'lifecycle'!
Method <com.bank.accounts.balances.domain.events.BalanceUpdated.accountId()> has return type <com.bank.accounts.lifecycle.domain.AccountId> in (BalanceUpdated.java:0)
- Module 'balances' depends on non-exposed type com.bank.accounts.lifecycle.domain.AccountId within module 'lifecycle'!
Constructor <com.bank.accounts.balances.domain.events.BalanceUpdated.<init>(com.bank.accounts.lifecycle.domain.AccountId, java.math.BigDecimal, java.math.BigDecimal, java.time.Instant)> has parameter of type <com.bank.accounts.lifecycle.domain.AccountId> in (BalanceUpdated.java:0)
- Module 'adapter' depends on non-exposed type com.bank.accounts.lifecycle.application.port.out.LoadAccountPort within module 'lifecycle'!
AccountsController declares constructor AccountsController(LoadAccountPort, GetTransactionHistoryUseCase, GetAllAccountsUseCase) in (AccountsController.java:0)
- Module 'adapter' depends on non-exposed type com.bank.accounts.history.application.port.in.GetTransactionHistoryUseCase within module 'history'!
AccountsController declares constructor AccountsController(LoadAccountPort, GetTransactionHistoryUseCase, GetAllAccountsUseCase) in (AccountsController.java:0)
- Module 'adapter' depends on non-exposed type com.bank.accounts.lifecycle.application.port.in.GetAllAccountsUseCase within module 'lifecycle'!
AccountsController declares constructor AccountsController(LoadAccountPort, GetTransactionHistoryUseCase, GetAllAccountsUseCase) in (AccountsController.java:0)
- Module 'adapter' depends on non-exposed type com.bank.accounts.lifecycle.application.port.out.LoadAccountPort within module 'lifecycle'!
Method <com.bank.accounts.adapter.in.web.AccountsController.getTransactions(java.lang.String)> calls method <com.bank.accounts.lifecycle.application.port.out.LoadAccountPort.findById(com.bank.accounts.lifecycle.domain.AccountId)> in (AccountsController.java:57)
- Module 'adapter' depends on non-exposed type com.bank.accounts.lifecycle.domain.AccountId within module 'lifecycle'!
Method <com.bank.accounts.adapter.in.web.AccountsController.getTransactions(java.lang.String)> calls method <com.bank.accounts.lifecycle.domain.AccountId.of(java.lang.String)> in (AccountsController.java:54)
- Module 'adapter' depends on non-exposed type com.bank.accounts.history.application.port.in.GetTransactionHistoryUseCase within module 'history'!
Method <com.bank.accounts.adapter.in.web.AccountsController.getTransactions(java.lang.String)> calls method <com.bank.accounts.history.application.port.in.GetTransactionHistoryUseCase.getTransactionHistory(com.bank.accounts.lifecycle.domain.AccountId)> in (AccountsController.java:61)
- Module 'adapter' depends on non-exposed type com.bank.accounts.lifecycle.application.port.in.GetAllAccountsUseCase within module 'lifecycle'!
Method <com.bank.accounts.adapter.in.web.AccountsController.getAccounts()> calls method <com.bank.accounts.lifecycle.application.port.in.GetAllAccountsUseCase.getAllAccounts()> in (AccountsController.java:37)
- Module 'adapter' depends on non-exposed type com.bank.accounts.history.application.port.in.GetTransactionHistoryUseCase within module 'history'!
Field <com.bank.accounts.adapter.in.web.AccountsController.getTransactionHistoryUseCase> has type <com.bank.accounts.history.application.port.in.GetTransactionHistoryUseCase> in (AccountsController.java:0)
- Module 'adapter' depends on non-exposed type com.bank.accounts.lifecycle.application.port.out.LoadAccountPort within module 'lifecycle'!
Field <com.bank.accounts.adapter.in.web.AccountsController.loadAccountPort> has type <com.bank.accounts.lifecycle.application.port.out.LoadAccountPort> in (AccountsController.java:0)
- Module 'adapter' depends on non-exposed type com.bank.accounts.lifecycle.application.port.in.GetAllAccountsUseCase within module 'lifecycle'!
Field <com.bank.accounts.adapter.in.web.AccountsController.getAllAccountsUseCase> has type <com.bank.accounts.lifecycle.application.port.in.GetAllAccountsUseCase> in (AccountsController.java:0)
- Module 'adapter' depends on non-exposed type com.bank.accounts.lifecycle.application.port.out.LoadAccountPort within module 'lifecycle'!
Constructor <com.bank.accounts.adapter.in.web.AccountsController.<init>(com.bank.accounts.lifecycle.application.port.out.LoadAccountPort, com.bank.accounts.history.application.port.in.GetTransactionHistoryUseCase, com.bank.accounts.lifecycle.application.port.in.GetAllAccountsUseCase)> has parameter of type <com.bank.accounts.lifecycle.application.port.out.LoadAccountPort> in (AccountsController.java:0)
- Module 'adapter' depends on non-exposed type com.bank.accounts.history.application.port.in.GetTransactionHistoryUseCase within module 'history'!
Constructor <com.bank.accounts.adapter.in.web.AccountsController.<init>(com.bank.accounts.lifecycle.application.port.out.LoadAccountPort, com.bank.accounts.history.application.port.in.GetTransactionHistoryUseCase, com.bank.accounts.lifecycle.application.port.in.GetAllAccountsUseCase)> has parameter of type <com.bank.accounts.history.application.port.in.GetTransactionHistoryUseCase> in (AccountsController.java:0)
- Module 'adapter' depends on non-exposed type com.bank.accounts.lifecycle.application.port.in.GetAllAccountsUseCase within module 'lifecycle'!
Constructor <com.bank.accounts.adapter.in.web.AccountsController.<init>(com.bank.accounts.lifecycle.application.port.out.LoadAccountPort, com.bank.accounts.history.application.port.in.GetTransactionHistoryUseCase, com.bank.accounts.lifecycle.application.port.in.GetAllAccountsUseCase)> has parameter of type <com.bank.accounts.lifecycle.application.port.in.GetAllAccountsUseCase> in (AccountsController.java:0)
- Module 'adapter' depends on non-exposed type com.bank.accounts.lifecycle.domain.AccountStatus within module 'lifecycle'!
AccountStatus declares parameter AccountStatus(String, String, String, AccountStatus, Instant, Instant) in (AccountDto.java:0)
- Module 'adapter' depends on non-exposed type com.bank.accounts.lifecycle.domain.Account within module 'lifecycle'!
Account declares parameter Account.from(Account) in (AccountDto.java:0)
- Module 'adapter' depends on non-exposed type com.bank.accounts.lifecycle.domain.AccountStatus within module 'lifecycle'!
AccountStatus declares return type AccountStatus.status() in (AccountDto.java:0)
- Module 'adapter' depends on non-exposed type com.bank.accounts.lifecycle.domain.Account within module 'lifecycle'!
Method <com.bank.accounts.adapter.in.web.dto.AccountDto.from(com.bank.accounts.lifecycle.domain.Account)> calls method <com.bank.accounts.lifecycle.domain.Account.getClosedAt()> in (AccountDto.java:30)
- Module 'adapter' depends on non-exposed type com.bank.accounts.lifecycle.domain.Account within module 'lifecycle'!
Method <com.bank.accounts.adapter.in.web.dto.AccountDto.from(com.bank.accounts.lifecycle.domain.Account)> calls method <com.bank.accounts.lifecycle.domain.Account.getCustomerId()> in (AccountDto.java:26)
- Module 'adapter' depends on non-exposed type com.bank.accounts.lifecycle.domain.AccountId within module 'lifecycle'!
Method <com.bank.accounts.adapter.in.web.dto.AccountDto.from(com.bank.accounts.lifecycle.domain.Account)> calls method <com.bank.accounts.lifecycle.domain.AccountId.toString()> in (AccountDto.java:25)
- Module 'adapter' depends on non-exposed type com.bank.accounts.lifecycle.domain.Account within module 'lifecycle'!
Method <com.bank.accounts.adapter.in.web.dto.AccountDto.from(com.bank.accounts.lifecycle.domain.Account)> calls method <com.bank.accounts.lifecycle.domain.Account.getStatus()> in (AccountDto.java:28)
- Module 'adapter' depends on non-exposed type com.bank.accounts.lifecycle.domain.Account within module 'lifecycle'!
Method <com.bank.accounts.adapter.in.web.dto.AccountDto.from(com.bank.accounts.lifecycle.domain.Account)> calls method <com.bank.accounts.lifecycle.domain.Account.getOpenedAt()> in (AccountDto.java:29)
- Module 'adapter' depends on non-exposed type com.bank.accounts.lifecycle.domain.Account within module 'lifecycle'!
Method <com.bank.accounts.adapter.in.web.dto.AccountDto.from(com.bank.accounts.lifecycle.domain.Account)> calls method <com.bank.accounts.lifecycle.domain.Account.getProductType()> in (AccountDto.java:27)
- Module 'adapter' depends on non-exposed type com.bank.accounts.lifecycle.domain.Account within module 'lifecycle'!
Method <com.bank.accounts.adapter.in.web.dto.AccountDto.from(com.bank.accounts.lifecycle.domain.Account)> calls method <com.bank.accounts.lifecycle.domain.Account.getId()> in (AccountDto.java:25)
- Module 'adapter' depends on non-exposed type com.bank.accounts.lifecycle.domain.AccountStatus within module 'lifecycle'!
Field <com.bank.accounts.adapter.in.web.dto.AccountDto.status> has type <com.bank.accounts.lifecycle.domain.AccountStatus> in (AccountDto.java:0)
- Module 'adapter' depends on non-exposed type com.bank.accounts.lifecycle.domain.AccountStatus within module 'lifecycle'!
Method <com.bank.accounts.adapter.in.web.dto.AccountDto.status()> has return type <com.bank.accounts.lifecycle.domain.AccountStatus> in (AccountDto.java:0)
- Module 'adapter' depends on non-exposed type com.bank.accounts.lifecycle.domain.Account within module 'lifecycle'!
Method <com.bank.accounts.adapter.in.web.dto.AccountDto.from(com.bank.accounts.lifecycle.domain.Account)> has parameter of type <com.bank.accounts.lifecycle.domain.Account> in (AccountDto.java:0)
- Module 'adapter' depends on non-exposed type com.bank.accounts.lifecycle.domain.AccountStatus within module 'lifecycle'!
Constructor <com.bank.accounts.adapter.in.web.dto.AccountDto.<init>(java.lang.String, java.lang.String, java.lang.String, com.bank.accounts.lifecycle.domain.AccountStatus, java.time.Instant, java.time.Instant)> has parameter of type <com.bank.accounts.lifecycle.domain.AccountStatus> in (AccountDto.java:0)
- Module 'adapter' depends on non-exposed type com.bank.accounts.posting.domain.PostingType within module 'posting'!
PostingType declares parameter PostingType(String, String, PostingType, PostingStatus, BigDecimal, String, Instant) in (TransactionDto.java:0)
- Module 'adapter' depends on non-exposed type com.bank.accounts.posting.domain.PostingStatus within module 'posting'!
PostingStatus declares parameter PostingStatus(String, String, PostingType, PostingStatus, BigDecimal, String, Instant) in (TransactionDto.java:0)
- Module 'adapter' depends on non-exposed type com.bank.accounts.history.domain.TransactionEntry within module 'history'!
TransactionEntry declares parameter TransactionEntry.from(TransactionEntry) in (TransactionDto.java:0)
- Module 'adapter' depends on non-exposed type com.bank.accounts.posting.domain.PostingStatus within module 'posting'!
PostingStatus declares return type PostingStatus.status() in (TransactionDto.java:0)
- Module 'adapter' depends on non-exposed type com.bank.accounts.posting.domain.PostingType within module 'posting'!
PostingType declares return type PostingType.type() in (TransactionDto.java:0)
- Module 'adapter' depends on non-exposed type com.bank.accounts.history.domain.TransactionEntry within module 'history'!
Method <com.bank.accounts.adapter.in.web.dto.TransactionDto.from(com.bank.accounts.history.domain.TransactionEntry)> calls method <com.bank.accounts.history.domain.TransactionEntry.getAmount()> in (TransactionDto.java:33)
- Module 'adapter' depends on non-exposed type com.bank.accounts.history.domain.TransactionEntry within module 'history'!
Method <com.bank.accounts.adapter.in.web.dto.TransactionDto.from(com.bank.accounts.history.domain.TransactionEntry)> calls method <com.bank.accounts.history.domain.TransactionEntry.getStatus()> in (TransactionDto.java:32)
- Module 'adapter' depends on non-exposed type com.bank.accounts.history.domain.TransactionEntry within module 'history'!
Method <com.bank.accounts.adapter.in.web.dto.TransactionDto.from(com.bank.accounts.history.domain.TransactionEntry)> calls method <com.bank.accounts.history.domain.TransactionEntry.getDescription()> in (TransactionDto.java:34)
- Module 'adapter' depends on non-exposed type com.bank.accounts.lifecycle.domain.AccountId within module 'lifecycle'!
Method <com.bank.accounts.adapter.in.web.dto.TransactionDto.from(com.bank.accounts.history.domain.TransactionEntry)> calls method <com.bank.accounts.lifecycle.domain.AccountId.toString()> in (TransactionDto.java:30)
- Module 'adapter' depends on non-exposed type com.bank.accounts.history.domain.TransactionEntry within module 'history'!
Method <com.bank.accounts.adapter.in.web.dto.TransactionDto.from(com.bank.accounts.history.domain.TransactionEntry)> calls method <com.bank.accounts.history.domain.TransactionEntry.getType()> in (TransactionDto.java:31)
- Module 'adapter' depends on non-exposed type com.bank.accounts.history.domain.TransactionEntry within module 'history'!
Method <com.bank.accounts.adapter.in.web.dto.TransactionDto.from(com.bank.accounts.history.domain.TransactionEntry)> calls method <com.bank.accounts.history.domain.TransactionEntry.getAccountId()> in (TransactionDto.java:30)
- Module 'adapter' depends on non-exposed type com.bank.accounts.posting.domain.PostingId within module 'posting'!
Method <com.bank.accounts.adapter.in.web.dto.TransactionDto.from(com.bank.accounts.history.domain.TransactionEntry)> calls method <com.bank.accounts.posting.domain.PostingId.toString()> in (TransactionDto.java:29)
- Module 'adapter' depends on non-exposed type com.bank.accounts.history.domain.TransactionEntry within module 'history'!
Method <com.bank.accounts.adapter.in.web.dto.TransactionDto.from(com.bank.accounts.history.domain.TransactionEntry)> calls method <com.bank.accounts.history.domain.TransactionEntry.getPostedAt()> in (TransactionDto.java:35)
- Module 'adapter' depends on non-exposed type com.bank.accounts.history.domain.TransactionEntry within module 'history'!
Method <com.bank.accounts.adapter.in.web.dto.TransactionDto.from(com.bank.accounts.history.domain.TransactionEntry)> calls method <com.bank.accounts.history.domain.TransactionEntry.getPostingId()> in (TransactionDto.java:29)
- Module 'adapter' depends on non-exposed type com.bank.accounts.posting.domain.PostingType within module 'posting'!
Field <com.bank.accounts.adapter.in.web.dto.TransactionDto.type> has type <com.bank.accounts.posting.domain.PostingType> in (TransactionDto.java:0)
- Module 'adapter' depends on non-exposed type com.bank.accounts.posting.domain.PostingStatus within module 'posting'!
Field <com.bank.accounts.adapter.in.web.dto.TransactionDto.status> has type <com.bank.accounts.posting.domain.PostingStatus> in (TransactionDto.java:0)
- Module 'adapter' depends on non-exposed type com.bank.accounts.posting.domain.PostingStatus within module 'posting'!
Method <com.bank.accounts.adapter.in.web.dto.TransactionDto.status()> has return type <com.bank.accounts.posting.domain.PostingStatus> in (TransactionDto.java:0)
- Module 'adapter' depends on non-exposed type com.bank.accounts.posting.domain.PostingType within module 'posting'!
Method <com.bank.accounts.adapter.in.web.dto.TransactionDto.type()> has return type <com.bank.accounts.posting.domain.PostingType> in (TransactionDto.java:0)
- Module 'adapter' depends on non-exposed type com.bank.accounts.history.domain.TransactionEntry within module 'history'!
Method <com.bank.accounts.adapter.in.web.dto.TransactionDto.from(com.bank.accounts.history.domain.TransactionEntry)> has parameter of type <com.bank.accounts.history.domain.TransactionEntry> in (TransactionDto.java:0)
- Module 'adapter' depends on non-exposed type com.bank.accounts.posting.domain.PostingType within module 'posting'!
Constructor <com.bank.accounts.adapter.in.web.dto.TransactionDto.<init>(java.lang.String, java.lang.String, com.bank.accounts.posting.domain.PostingType, com.bank.accounts.posting.domain.PostingStatus, java.math.BigDecimal, java.lang.String, java.time.Instant)> has parameter of type <com.bank.accounts.posting.domain.PostingType> in (TransactionDto.java:0)
- Module 'adapter' depends on non-exposed type com.bank.accounts.posting.domain.PostingStatus within module 'posting'!
Constructor <com.bank.accounts.adapter.in.web.dto.TransactionDto.<init>(java.lang.String, java.lang.String, com.bank.accounts.posting.domain.PostingType, com.bank.accounts.posting.domain.PostingStatus, java.math.BigDecimal, java.lang.String, java.time.Instant)> has parameter of type <com.bank.accounts.posting.domain.PostingStatus> in (TransactionDto.java:0)
- Module 'holds' depends on non-exposed type com.bank.accounts.lifecycle.domain.AccountId within module 'lifecycle'!
AccountId declares parameter AccountId.getAvailableBalance(AccountId, BigDecimal) in (HoldsQueryPort.java:0)
- Module 'holds' depends on non-exposed type com.bank.accounts.lifecycle.domain.AccountId within module 'lifecycle'!
AccountId declares parameter AccountId.getTotalHolds(AccountId) in (HoldsQueryPort.java:0)
- Module 'holds' depends on non-exposed type com.bank.accounts.lifecycle.domain.AccountId within module 'lifecycle'!
AccountId declares parameter AccountId.hasSufficientFunds(AccountId, BigDecimal) in (HoldsQueryAdapter.java:0)
- Module 'holds' depends on non-exposed type com.bank.accounts.lifecycle.domain.AccountId within module 'lifecycle'!
AccountId declares parameter AccountId.hasSufficientFunds(AccountId, BigDecimal) in (HoldsQueryPort.java:0)
- Module 'holds' depends on non-exposed type com.bank.accounts.lifecycle.domain.AccountId within module 'lifecycle'!
AccountId declares parameter AccountId.getTotalHolds(AccountId) in (HoldsQueryAdapter.java:0)
- Module 'holds' depends on non-exposed type com.bank.accounts.lifecycle.domain.AccountId within module 'lifecycle'!
AccountId declares parameter AccountId.getAvailableBalance(AccountId, BigDecimal) in (HoldsQueryAdapter.java:0)
- Module 'holds' depends on non-exposed type com.bank.accounts.lifecycle.domain.AccountId within module 'lifecycle'!
Method <com.bank.accounts.holds.adapter.out.api.HoldsQueryAdapter.getTotalHolds(com.bank.accounts.lifecycle.domain.AccountId)> has parameter of type <com.bank.accounts.lifecycle.domain.AccountId> in (HoldsQueryAdapter.java:0)
- Module 'holds' depends on non-exposed type com.bank.accounts.lifecycle.domain.AccountId within module 'lifecycle'!
Method <com.bank.accounts.holds.adapter.out.api.HoldsQueryAdapter.getAvailableBalance(com.bank.accounts.lifecycle.domain.AccountId, java.math.BigDecimal)> has parameter of type <com.bank.accounts.lifecycle.domain.AccountId> in (HoldsQueryAdapter.java:0)
- Module 'holds' depends on non-exposed type com.bank.accounts.lifecycle.domain.AccountId within module 'lifecycle'!
Method <com.bank.accounts.holds.adapter.out.api.HoldsQueryAdapter.hasSufficientFunds(com.bank.accounts.lifecycle.domain.AccountId, java.math.BigDecimal)> has parameter of type <com.bank.accounts.lifecycle.domain.AccountId> in (HoldsQueryAdapter.java:0)
- Module 'holds' depends on non-exposed type com.bank.accounts.lifecycle.domain.AccountId within module 'lifecycle'!
AccountId declares parameter AccountId.findActiveHoldsByAccountId(AccountId) in (JpaHoldRepository.java:0)
- Module 'holds' depends on non-exposed type com.bank.accounts.lifecycle.domain.AccountId within module 'lifecycle'!
AccountId declares parameter AccountId.findActiveHoldsByAccountId(AccountId) in (HoldRepositoryPort.java:0)
- Module 'holds' depends on non-exposed type com.bank.accounts.lifecycle.domain.AccountId within module 'lifecycle'!
Method <com.bank.accounts.holds.adapter.out.persistence.HoldRepositoryAdapter.findActiveHoldsByAccountId(com.bank.accounts.lifecycle.domain.AccountId)> has parameter of type <com.bank.accounts.lifecycle.domain.AccountId> in (JpaHoldRepository.java:0)
- Module 'holds' depends on non-exposed type com.bank.accounts.lifecycle.domain.AccountId within module 'lifecycle'!
AccountId declares parameter AccountId.findActiveHoldsByAccountId(AccountId, HoldStatus) in (JpaHoldRepository.java:0)
- Module 'holds' depends on non-exposed type com.bank.accounts.lifecycle.domain.AccountId within module 'lifecycle'!
Method <com.bank.accounts.holds.adapter.out.persistence.JpaHoldRepository.findActiveHoldsByAccountId(com.bank.accounts.lifecycle.domain.AccountId, com.bank.accounts.holds.domain.HoldStatus)> has parameter of type <com.bank.accounts.lifecycle.domain.AccountId> in (JpaHoldRepository.java:0)
- Module 'holds' depends on non-exposed type com.bank.accounts.lifecycle.domain.AccountId within module 'lifecycle'!
AccountId declares parameter AccountId.getAvailableBalance(AccountId, BigDecimal) in (HoldsQueryPort.java:0)
- Module 'holds' depends on non-exposed type com.bank.accounts.lifecycle.domain.AccountId within module 'lifecycle'!
AccountId declares parameter AccountId.getTotalHolds(AccountId) in (HoldsQueryPort.java:0)
- Module 'holds' depends on non-exposed type com.bank.accounts.lifecycle.domain.AccountId within module 'lifecycle'!
AccountId declares parameter AccountId.hasSufficientFunds(AccountId, BigDecimal) in (HoldsQueryPort.java:0)
- Module 'holds' depends on non-exposed type com.bank.accounts.lifecycle.domain.AccountId within module 'lifecycle'!
Method <com.bank.accounts.holds.api.HoldsQueryPort.hasSufficientFunds(com.bank.accounts.lifecycle.domain.AccountId, java.math.BigDecimal)> has parameter of type <com.bank.accounts.lifecycle.domain.AccountId> in (HoldsQueryPort.java:0)
- Module 'holds' depends on non-exposed type com.bank.accounts.lifecycle.domain.AccountId within module 'lifecycle'!
Method <com.bank.accounts.holds.api.HoldsQueryPort.getAvailableBalance(com.bank.accounts.lifecycle.domain.AccountId, java.math.BigDecimal)> has parameter of type <com.bank.accounts.lifecycle.domain.AccountId> in (HoldsQueryPort.java:0)
- Module 'holds' depends on non-exposed type com.bank.accounts.lifecycle.domain.AccountId within module 'lifecycle'!
Method <com.bank.accounts.holds.api.HoldsQueryPort.getTotalHolds(com.bank.accounts.lifecycle.domain.AccountId)> has parameter of type <com.bank.accounts.lifecycle.domain.AccountId> in (HoldsQueryPort.java:0)
- Module 'holds' depends on non-exposed type com.bank.accounts.lifecycle.domain.AccountId within module 'lifecycle'!
AccountId declares parameter AccountId(AccountId, HoldType, BigDecimal, String, Instant) in (PlaceHoldUseCase.java:0)
- Module 'holds' depends on non-exposed type com.bank.accounts.lifecycle.domain.AccountId within module 'lifecycle'!
AccountId declares return type AccountId.accountId() in (PlaceHoldUseCase.java:0)
- Module 'holds' depends on non-exposed type com.bank.accounts.lifecycle.domain.AccountId within module 'lifecycle'!
Field <com.bank.accounts.holds.application.port.in.PlaceHoldUseCase$PlaceHoldCommand.accountId> has type <com.bank.accounts.lifecycle.domain.AccountId> in (PlaceHoldUseCase.java:0)
- Module 'holds' depends on non-exposed type com.bank.accounts.lifecycle.domain.AccountId within module 'lifecycle'!
Method <com.bank.accounts.holds.application.port.in.PlaceHoldUseCase$PlaceHoldCommand.accountId()> has return type <com.bank.accounts.lifecycle.domain.AccountId> in (PlaceHoldUseCase.java:0)
- Module 'holds' depends on non-exposed type com.bank.accounts.lifecycle.domain.AccountId within module 'lifecycle'!
Constructor <com.bank.accounts.holds.application.port.in.PlaceHoldUseCase$PlaceHoldCommand.<init>(com.bank.accounts.lifecycle.domain.AccountId, com.bank.accounts.holds.domain.HoldType, java.math.BigDecimal, java.lang.String, java.time.Instant)> has parameter of type <com.bank.accounts.lifecycle.domain.AccountId> in (PlaceHoldUseCase.java:0)
- Module 'holds' depends on non-exposed type com.bank.accounts.lifecycle.domain.AccountId within module 'lifecycle'!
AccountId declares parameter AccountId.findActiveHoldsByAccountId(AccountId) in (HoldRepositoryPort.java:0)
- Module 'holds' depends on non-exposed type com.bank.accounts.lifecycle.domain.AccountId within module 'lifecycle'!
Method <com.bank.accounts.holds.application.port.out.HoldRepositoryPort.findActiveHoldsByAccountId(com.bank.accounts.lifecycle.domain.AccountId)> has parameter of type <com.bank.accounts.lifecycle.domain.AccountId> in (HoldRepositoryPort.java:0)
- Module 'holds' depends on non-exposed type com.bank.accounts.lifecycle.domain.AccountId within module 'lifecycle'!
AccountId declares parameter AccountId.place(HoldId, AccountId, HoldType, BigDecimal, String, Instant) in (Hold.java:0)
- Module 'holds' depends on non-exposed type com.bank.accounts.lifecycle.domain.AccountId within module 'lifecycle'!
AccountId declares return type AccountId.getAccountId() in (Hold.java:0)
- Module 'holds' depends on non-exposed type com.bank.accounts.lifecycle.domain.AccountId within module 'lifecycle'!
Field <com.bank.accounts.holds.domain.Hold.accountId> has type <com.bank.accounts.lifecycle.domain.AccountId> in (Hold.java:0)
- Module 'holds' depends on non-exposed type com.bank.accounts.lifecycle.domain.AccountId within module 'lifecycle'!
Method <com.bank.accounts.holds.domain.Hold.getAccountId()> has return type <com.bank.accounts.lifecycle.domain.AccountId> in (Hold.java:0)
- Module 'holds' depends on non-exposed type com.bank.accounts.lifecycle.domain.AccountId within module 'lifecycle'!
Method <com.bank.accounts.holds.domain.Hold.place(com.bank.accounts.holds.domain.HoldId, com.bank.accounts.lifecycle.domain.AccountId, com.bank.accounts.holds.domain.HoldType, java.math.BigDecimal, java.lang.String, java.time.Instant)> has parameter of type <com.bank.accounts.lifecycle.domain.AccountId> in (Hold.java:0)
- Module 'holds' depends on non-exposed type com.bank.accounts.lifecycle.domain.AccountId within module 'lifecycle'!
Constructor <com.bank.accounts.holds.domain.Hold.<init>(com.bank.accounts.holds.domain.HoldId, com.bank.accounts.lifecycle.domain.AccountId, com.bank.accounts.holds.domain.HoldType, java.math.BigDecimal, java.lang.String, java.time.Instant)> has parameter of type <com.bank.accounts.lifecycle.domain.AccountId> in (Hold.java:0)
- Module 'holds' depends on non-exposed type com.bank.accounts.lifecycle.domain.AccountId within module 'lifecycle'!
AccountId declares parameter AccountId(AccountId, String, Instant) in (AccountFrozen.java:0)
- Module 'holds' depends on non-exposed type com.bank.accounts.lifecycle.domain.AccountId within module 'lifecycle'!
AccountId declares return type AccountId.accountId() in (AccountFrozen.java:0)
- Module 'holds' depends on non-exposed type com.bank.accounts.lifecycle.domain.AccountId within module 'lifecycle'!
Field <com.bank.accounts.holds.domain.events.AccountFrozen.accountId> has type <com.bank.accounts.lifecycle.domain.AccountId> in (AccountFrozen.java:0)
- Module 'holds' depends on non-exposed type com.bank.accounts.lifecycle.domain.AccountId within module 'lifecycle'!
Method <com.bank.accounts.holds.domain.events.AccountFrozen.accountId()> has return type <com.bank.accounts.lifecycle.domain.AccountId> in (AccountFrozen.java:0)
- Module 'holds' depends on non-exposed type com.bank.accounts.lifecycle.domain.AccountId within module 'lifecycle'!
Constructor <com.bank.accounts.holds.domain.events.AccountFrozen.<init>(com.bank.accounts.lifecycle.domain.AccountId, java.lang.String, java.time.Instant)> has parameter of type <com.bank.accounts.lifecycle.domain.AccountId> in (AccountFrozen.java:0)
- Module 'holds' depends on non-exposed type com.bank.accounts.lifecycle.domain.AccountId within module 'lifecycle'!
AccountId declares parameter AccountId(HoldId, AccountId, BigDecimal, Instant) in (HoldPlaced.java:0)
- Module 'holds' depends on non-exposed type com.bank.accounts.lifecycle.domain.AccountId within module 'lifecycle'!
AccountId declares return type AccountId.accountId() in (HoldPlaced.java:0)
- Module 'holds' depends on non-exposed type com.bank.accounts.lifecycle.domain.AccountId within module 'lifecycle'!
Field <com.bank.accounts.holds.domain.events.HoldPlaced.accountId> has type <com.bank.accounts.lifecycle.domain.AccountId> in (HoldPlaced.java:0)
- Module 'holds' depends on non-exposed type com.bank.accounts.lifecycle.domain.AccountId within module 'lifecycle'!
Method <com.bank.accounts.holds.domain.events.HoldPlaced.accountId()> has return type <com.bank.accounts.lifecycle.domain.AccountId> in (HoldPlaced.java:0)
- Module 'holds' depends on non-exposed type com.bank.accounts.lifecycle.domain.AccountId within module 'lifecycle'!
Constructor <com.bank.accounts.holds.domain.events.HoldPlaced.<init>(com.bank.accounts.holds.domain.HoldId, com.bank.accounts.lifecycle.domain.AccountId, java.math.BigDecimal, java.time.Instant)> has parameter of type <com.bank.accounts.lifecycle.domain.AccountId> in (HoldPlaced.java:0)
- Module 'holds' depends on non-exposed type com.bank.accounts.lifecycle.domain.AccountId within module 'lifecycle'!
AccountId declares parameter AccountId(HoldId, AccountId, Instant) in (HoldReleased.java:0)
- Module 'holds' depends on non-exposed type com.bank.accounts.lifecycle.domain.AccountId within module 'lifecycle'!
AccountId declares return type AccountId.accountId() in (HoldReleased.java:0)
- Module 'holds' depends on non-exposed type com.bank.accounts.lifecycle.domain.AccountId within module 'lifecycle'!
Field <com.bank.accounts.holds.domain.events.HoldReleased.accountId> has type <com.bank.accounts.lifecycle.domain.AccountId> in (HoldReleased.java:0)
- Module 'holds' depends on non-exposed type com.bank.accounts.lifecycle.domain.AccountId within module 'lifecycle'!
Method <com.bank.accounts.holds.domain.events.HoldReleased.accountId()> has return type <com.bank.accounts.lifecycle.domain.AccountId> in (HoldReleased.java:0)
- Module 'holds' depends on non-exposed type com.bank.accounts.lifecycle.domain.AccountId within module 'lifecycle'!
Constructor <com.bank.accounts.holds.domain.events.HoldReleased.<init>(com.bank.accounts.holds.domain.HoldId, com.bank.accounts.lifecycle.domain.AccountId, java.time.Instant)> has parameter of type <com.bank.accounts.lifecycle.domain.AccountId> in (HoldReleased.java:0)
- Module 'statements' depends on non-exposed type com.bank.accounts.posting.domain.events.AccountDebited within module 'posting'!
AccountDebited declares parameter AccountDebited.handle(AccountDebited) in (StatementEventListener.java:0)
- Module 'statements' depends on non-exposed type com.bank.accounts.posting.domain.events.AccountCredited within module 'posting'!
AccountCredited declares parameter AccountCredited.handle(AccountCredited) in (StatementEventListener.java:0)
- Module 'statements' depends on non-exposed type com.bank.accounts.posting.domain.events.AccountCredited within module 'posting'!
Method <com.bank.accounts.statements.adapter.in.events.StatementEventListener.handle(com.bank.accounts.posting.domain.events.AccountCredited)> has parameter of type <com.bank.accounts.posting.domain.events.AccountCredited> in (StatementEventListener.java:0)
- Module 'statements' depends on non-exposed type com.bank.accounts.posting.domain.events.AccountDebited within module 'posting'!
Method <com.bank.accounts.statements.adapter.in.events.StatementEventListener.handle(com.bank.accounts.posting.domain.events.AccountDebited)> has parameter of type <com.bank.accounts.posting.domain.events.AccountDebited> in (StatementEventListener.java:0)
- Module 'statements' depends on non-exposed type com.bank.accounts.lifecycle.domain.AccountId within module 'lifecycle'!
AccountId declares parameter AccountId.findByAccountIdAndPeriod(AccountId, YearMonth) in (JpaStatementRepository.java:0)
- Module 'statements' depends on non-exposed type com.bank.accounts.lifecycle.domain.AccountId within module 'lifecycle'!
Method <com.bank.accounts.statements.adapter.out.persistence.JpaStatementRepository.findByAccountIdAndPeriod(com.bank.accounts.lifecycle.domain.AccountId, java.time.YearMonth)> has parameter of type <com.bank.accounts.lifecycle.domain.AccountId> in (JpaStatementRepository.java:0)
- Module 'statements' depends on non-exposed type com.bank.accounts.lifecycle.domain.AccountId within module 'lifecycle'!
AccountId declares parameter AccountId.findByAccountIdAndPeriod(AccountId, StatementPeriod) in (StatementRepositoryPort.java:0)
- Module 'statements' depends on non-exposed type com.bank.accounts.lifecycle.domain.AccountId within module 'lifecycle'!
AccountId declares parameter AccountId.findByAccountIdAndPeriod(AccountId, StatementPeriod) in (JpaStatementRepository.java:0)
- Module 'statements' depends on non-exposed type com.bank.accounts.lifecycle.domain.AccountId within module 'lifecycle'!
Method <com.bank.accounts.statements.adapter.out.persistence.StatementRepositoryAdapter.findByAccountIdAndPeriod(com.bank.accounts.lifecycle.domain.AccountId, com.bank.accounts.statements.domain.StatementPeriod)> has parameter of type <com.bank.accounts.lifecycle.domain.AccountId> in (JpaStatementRepository.java:0)
- Module 'statements' depends on non-exposed type com.bank.accounts.lifecycle.domain.AccountId within module 'lifecycle'!
AccountId declares parameter AccountId.generateStatement(AccountId, StatementPeriod) in (GenerateStatementUseCase.java:0)
- Module 'statements' depends on non-exposed type com.bank.accounts.lifecycle.domain.AccountId within module 'lifecycle'!
Method <com.bank.accounts.statements.application.port.in.GenerateStatementUseCase.generateStatement(com.bank.accounts.lifecycle.domain.AccountId, com.bank.accounts.statements.domain.StatementPeriod)> has parameter of type <com.bank.accounts.lifecycle.domain.AccountId> in (GenerateStatementUseCase.java:0)
- Module 'statements' depends on non-exposed type com.bank.accounts.lifecycle.domain.AccountId within module 'lifecycle'!
AccountId declares parameter AccountId.findByAccountIdAndPeriod(AccountId, StatementPeriod) in (StatementRepositoryPort.java:0)
- Module 'statements' depends on non-exposed type com.bank.accounts.lifecycle.domain.AccountId within module 'lifecycle'!
Method <com.bank.accounts.statements.application.port.out.StatementRepositoryPort.findByAccountIdAndPeriod(com.bank.accounts.lifecycle.domain.AccountId, com.bank.accounts.statements.domain.StatementPeriod)> has parameter of type <com.bank.accounts.lifecycle.domain.AccountId> in (StatementRepositoryPort.java:0)
- Module 'statements' depends on non-exposed type com.bank.accounts.lifecycle.domain.AccountId within module 'lifecycle'!
AccountId declares return type AccountId.getAccountId() in (Statement.java:0)
- Module 'statements' depends on non-exposed type com.bank.accounts.lifecycle.domain.AccountId within module 'lifecycle'!
Field <com.bank.accounts.statements.domain.Statement.accountId> has type <com.bank.accounts.lifecycle.domain.AccountId> in (Statement.java:0)
- Module 'statements' depends on non-exposed type com.bank.accounts.lifecycle.domain.AccountId within module 'lifecycle'!
Method <com.bank.accounts.statements.domain.Statement.getAccountId()> has return type <com.bank.accounts.lifecycle.domain.AccountId> in (Statement.java:0)
- Module 'statements' depends on non-exposed type com.bank.accounts.lifecycle.domain.AccountId within module 'lifecycle'!
Constructor <com.bank.accounts.statements.domain.Statement.<init>(com.bank.accounts.statements.domain.StatementId, com.bank.accounts.lifecycle.domain.AccountId, java.time.YearMonth, java.math.BigDecimal, java.math.BigDecimal)> has parameter of type <com.bank.accounts.lifecycle.domain.AccountId> in (Statement.java:0)
- Module 'statements' depends on non-exposed type com.bank.accounts.lifecycle.domain.AccountId within module 'lifecycle'!
AccountId declares parameter AccountId(StatementId, AccountId, StatementPeriod, Instant) in (StatementGenerated.java:0)
- Module 'statements' depends on non-exposed type com.bank.accounts.lifecycle.domain.AccountId within module 'lifecycle'!
AccountId declares return type AccountId.accountId() in (StatementGenerated.java:0)
- Module 'statements' depends on non-exposed type com.bank.accounts.lifecycle.domain.AccountId within module 'lifecycle'!
Field <com.bank.accounts.statements.domain.events.StatementGenerated.accountId> has type <com.bank.accounts.lifecycle.domain.AccountId> in (StatementGenerated.java:0)
- Module 'statements' depends on non-exposed type com.bank.accounts.lifecycle.domain.AccountId within module 'lifecycle'!
Method <com.bank.accounts.statements.domain.events.StatementGenerated.accountId()> has return type <com.bank.accounts.lifecycle.domain.AccountId> in (StatementGenerated.java:0)
- Module 'statements' depends on non-exposed type com.bank.accounts.lifecycle.domain.AccountId within module 'lifecycle'!
Constructor <com.bank.accounts.statements.domain.events.StatementGenerated.<init>(com.bank.accounts.statements.domain.StatementId, com.bank.accounts.lifecycle.domain.AccountId, com.bank.accounts.statements.domain.StatementPeriod, java.time.Instant)> has parameter of type <com.bank.accounts.lifecycle.domain.AccountId> in (StatementGenerated.java:0)
- Module 'history' depends on non-exposed type com.bank.accounts.pricing.domain.events.FeeAssessed within module 'pricing'!
FeeAssessed declares parameter FeeAssessed.handle(FeeAssessed) in (TransactionHistoryListener.java:0)
- Module 'history' depends on non-exposed type com.bank.accounts.posting.domain.events.AccountCredited within module 'posting'!
AccountCredited declares parameter AccountCredited.handle(AccountCredited) in (TransactionHistoryListener.java:0)
- Module 'history' depends on non-exposed type com.bank.accounts.posting.domain.events.AccountDebited within module 'posting'!
AccountDebited declares parameter AccountDebited.handle(AccountDebited) in (TransactionHistoryListener.java:0)
- Module 'history' depends on non-exposed type com.bank.accounts.pricing.domain.events.InterestAccrued within module 'pricing'!
InterestAccrued declares parameter InterestAccrued.handle(InterestAccrued) in (TransactionHistoryListener.java:0)
- Module 'history' depends on non-exposed type com.bank.accounts.posting.domain.events.PostingReversed within module 'posting'!
PostingReversed declares parameter PostingReversed.handle(PostingReversed) in (TransactionHistoryListener.java:0)
- Module 'history' depends on non-exposed type com.bank.accounts.posting.domain.PostingType within module 'posting'!
Method <com.bank.accounts.history.adapter.in.events.TransactionHistoryListener.handle(com.bank.accounts.pricing.domain.events.InterestAccrued)> gets field <com.bank.accounts.posting.domain.PostingType.CREDIT> in (TransactionHistoryListener.java:88)
- Module 'history' depends on non-exposed type com.bank.accounts.posting.domain.PostingStatus within module 'posting'!
Method <com.bank.accounts.history.adapter.in.events.TransactionHistoryListener.handle(com.bank.accounts.pricing.domain.events.InterestAccrued)> gets field <com.bank.accounts.posting.domain.PostingStatus.POSTED> in (TransactionHistoryListener.java:88)
- Module 'history' depends on non-exposed type com.bank.accounts.posting.domain.PostingStatus within module 'posting'!
Method <com.bank.accounts.history.adapter.in.events.TransactionHistoryListener.handle(com.bank.accounts.posting.domain.events.AccountCredited)> gets field <com.bank.accounts.posting.domain.PostingStatus.POSTED> in (TransactionHistoryListener.java:46)
- Module 'history' depends on non-exposed type com.bank.accounts.posting.domain.PostingType within module 'posting'!
Method <com.bank.accounts.history.adapter.in.events.TransactionHistoryListener.handle(com.bank.accounts.posting.domain.events.AccountCredited)> gets field <com.bank.accounts.posting.domain.PostingType.CREDIT> in (TransactionHistoryListener.java:46)
- Module 'history' depends on non-exposed type com.bank.accounts.posting.domain.PostingStatus within module 'posting'!
Method <com.bank.accounts.history.adapter.in.events.TransactionHistoryListener.handle(com.bank.accounts.posting.domain.events.PostingReversed)> gets field <com.bank.accounts.posting.domain.PostingStatus.REVERSED> in (TransactionHistoryListener.java:61)
- Module 'history' depends on non-exposed type com.bank.accounts.posting.domain.PostingType within module 'posting'!
Method <com.bank.accounts.history.adapter.in.events.TransactionHistoryListener.handle(com.bank.accounts.posting.domain.events.AccountDebited)> gets field <com.bank.accounts.posting.domain.PostingType.DEBIT> in (TransactionHistoryListener.java:31)
- Module 'history' depends on non-exposed type com.bank.accounts.posting.domain.PostingStatus within module 'posting'!
Method <com.bank.accounts.history.adapter.in.events.TransactionHistoryListener.handle(com.bank.accounts.posting.domain.events.AccountDebited)> gets field <com.bank.accounts.posting.domain.PostingStatus.POSTED> in (TransactionHistoryListener.java:31)
- Module 'history' depends on non-exposed type com.bank.accounts.posting.domain.PostingType within module 'posting'!
Method <com.bank.accounts.history.adapter.in.events.TransactionHistoryListener.handle(com.bank.accounts.pricing.domain.events.FeeAssessed)> gets field <com.bank.accounts.posting.domain.PostingType.DEBIT> in (TransactionHistoryListener.java:72)
- Module 'history' depends on non-exposed type com.bank.accounts.posting.domain.PostingStatus within module 'posting'!
Method <com.bank.accounts.history.adapter.in.events.TransactionHistoryListener.handle(com.bank.accounts.pricing.domain.events.FeeAssessed)> gets field <com.bank.accounts.posting.domain.PostingStatus.POSTED> in (TransactionHistoryListener.java:72)
- Module 'history' depends on non-exposed type com.bank.accounts.pricing.domain.events.InterestAccrued within module 'pricing'!
Method <com.bank.accounts.history.adapter.in.events.TransactionHistoryListener.handle(com.bank.accounts.pricing.domain.events.InterestAccrued)> calls method <com.bank.accounts.pricing.domain.events.InterestAccrued.accruedAt()> in (TransactionHistoryListener.java:93)
- Module 'history' depends on non-exposed type com.bank.accounts.pricing.domain.events.InterestAccrued within module 'pricing'!
Method <com.bank.accounts.history.adapter.in.events.TransactionHistoryListener.handle(com.bank.accounts.pricing.domain.events.InterestAccrued)> calls method <com.bank.accounts.pricing.domain.events.InterestAccrued.interestType()> in (TransactionHistoryListener.java:92)
- Module 'history' depends on non-exposed type com.bank.accounts.pricing.domain.events.InterestAccrued within module 'pricing'!
Method <com.bank.accounts.history.adapter.in.events.TransactionHistoryListener.handle(com.bank.accounts.pricing.domain.events.InterestAccrued)> calls method <com.bank.accounts.pricing.domain.events.InterestAccrued.accountId()> in (TransactionHistoryListener.java:88)
- Module 'history' depends on non-exposed type com.bank.accounts.posting.domain.PostingId within module 'posting'!
Method <com.bank.accounts.history.adapter.in.events.TransactionHistoryListener.handle(com.bank.accounts.pricing.domain.events.InterestAccrued)> calls method <com.bank.accounts.posting.domain.PostingId.generate()> in (TransactionHistoryListener.java:87)
- Module 'history' depends on non-exposed type com.bank.accounts.pricing.domain.events.InterestAccrued within module 'pricing'!
Method <com.bank.accounts.history.adapter.in.events.TransactionHistoryListener.handle(com.bank.accounts.pricing.domain.events.InterestAccrued)> calls method <com.bank.accounts.pricing.domain.events.InterestAccrued.amount()> in (TransactionHistoryListener.java:91)
- Module 'history' depends on non-exposed type com.bank.accounts.posting.domain.events.AccountCredited within module 'posting'!
Method <com.bank.accounts.history.adapter.in.events.TransactionHistoryListener.handle(com.bank.accounts.posting.domain.events.AccountCredited)> calls method <com.bank.accounts.posting.domain.events.AccountCredited.description()> in (TransactionHistoryListener.java:50)
- Module 'history' depends on non-exposed type com.bank.accounts.posting.domain.events.AccountCredited within module 'posting'!
Method <com.bank.accounts.history.adapter.in.events.TransactionHistoryListener.handle(com.bank.accounts.posting.domain.events.AccountCredited)> calls method <com.bank.accounts.posting.domain.events.AccountCredited.postingId()> in (TransactionHistoryListener.java:45)
- Module 'history' depends on non-exposed type com.bank.accounts.posting.domain.events.AccountCredited within module 'posting'!
Method <com.bank.accounts.history.adapter.in.events.TransactionHistoryListener.handle(com.bank.accounts.posting.domain.events.AccountCredited)> calls method <com.bank.accounts.posting.domain.events.AccountCredited.accountId()> in (TransactionHistoryListener.java:46)
- Module 'history' depends on non-exposed type com.bank.accounts.posting.domain.events.AccountCredited within module 'posting'!
Method <com.bank.accounts.history.adapter.in.events.TransactionHistoryListener.handle(com.bank.accounts.posting.domain.events.AccountCredited)> calls method <com.bank.accounts.posting.domain.events.AccountCredited.amount()> in (TransactionHistoryListener.java:49)
- Module 'history' depends on non-exposed type com.bank.accounts.posting.domain.events.AccountCredited within module 'posting'!
Method <com.bank.accounts.history.adapter.in.events.TransactionHistoryListener.handle(com.bank.accounts.posting.domain.events.AccountCredited)> calls method <com.bank.accounts.posting.domain.events.AccountCredited.postedAt()> in (TransactionHistoryListener.java:51)
- Module 'history' depends on non-exposed type com.bank.accounts.posting.domain.events.PostingReversed within module 'posting'!
Method <com.bank.accounts.history.adapter.in.events.TransactionHistoryListener.handle(com.bank.accounts.posting.domain.events.PostingReversed)> calls method <com.bank.accounts.posting.domain.events.PostingReversed.postingId()> in (TransactionHistoryListener.java:59)
- Module 'history' depends on non-exposed type com.bank.accounts.posting.domain.events.AccountDebited within module 'posting'!
Method <com.bank.accounts.history.adapter.in.events.TransactionHistoryListener.handle(com.bank.accounts.posting.domain.events.AccountDebited)> calls method <com.bank.accounts.posting.domain.events.AccountDebited.accountId()> in (TransactionHistoryListener.java:31)
- Module 'history' depends on non-exposed type com.bank.accounts.posting.domain.events.AccountDebited within module 'posting'!
Method <com.bank.accounts.history.adapter.in.events.TransactionHistoryListener.handle(com.bank.accounts.posting.domain.events.AccountDebited)> calls method <com.bank.accounts.posting.domain.events.AccountDebited.description()> in (TransactionHistoryListener.java:35)
- Module 'history' depends on non-exposed type com.bank.accounts.posting.domain.events.AccountDebited within module 'posting'!
Method <com.bank.accounts.history.adapter.in.events.TransactionHistoryListener.handle(com.bank.accounts.posting.domain.events.AccountDebited)> calls method <com.bank.accounts.posting.domain.events.AccountDebited.postingId()> in (TransactionHistoryListener.java:30)
- Module 'history' depends on non-exposed type com.bank.accounts.posting.domain.events.AccountDebited within module 'posting'!
Method <com.bank.accounts.history.adapter.in.events.TransactionHistoryListener.handle(com.bank.accounts.posting.domain.events.AccountDebited)> calls method <com.bank.accounts.posting.domain.events.AccountDebited.amount()> in (TransactionHistoryListener.java:34)
- Module 'history' depends on non-exposed type com.bank.accounts.posting.domain.events.AccountDebited within module 'posting'!
Method <com.bank.accounts.history.adapter.in.events.TransactionHistoryListener.handle(com.bank.accounts.posting.domain.events.AccountDebited)> calls method <com.bank.accounts.posting.domain.events.AccountDebited.postedAt()> in (TransactionHistoryListener.java:36)
- Module 'history' depends on non-exposed type com.bank.accounts.posting.domain.PostingId within module 'posting'!
Method <com.bank.accounts.history.adapter.in.events.TransactionHistoryListener.handle(com.bank.accounts.pricing.domain.events.FeeAssessed)> calls method <com.bank.accounts.posting.domain.PostingId.generate()> in (TransactionHistoryListener.java:71)
- Module 'history' depends on non-exposed type com.bank.accounts.pricing.domain.events.FeeAssessed within module 'pricing'!
Method <com.bank.accounts.history.adapter.in.events.TransactionHistoryListener.handle(com.bank.accounts.pricing.domain.events.FeeAssessed)> calls method <com.bank.accounts.pricing.domain.events.FeeAssessed.assessedAt()> in (TransactionHistoryListener.java:77)
- Module 'history' depends on non-exposed type com.bank.accounts.pricing.domain.events.FeeAssessed within module 'pricing'!
Method <com.bank.accounts.history.adapter.in.events.TransactionHistoryListener.handle(com.bank.accounts.pricing.domain.events.FeeAssessed)> calls method <com.bank.accounts.pricing.domain.events.FeeAssessed.accountId()> in (TransactionHistoryListener.java:72)
- Module 'history' depends on non-exposed type com.bank.accounts.pricing.domain.events.FeeAssessed within module 'pricing'!
Method <com.bank.accounts.history.adapter.in.events.TransactionHistoryListener.handle(com.bank.accounts.pricing.domain.events.FeeAssessed)> calls method <com.bank.accounts.pricing.domain.events.FeeAssessed.amount()> in (TransactionHistoryListener.java:75)
- Module 'history' depends on non-exposed type com.bank.accounts.pricing.domain.events.FeeAssessed within module 'pricing'!
Method <com.bank.accounts.history.adapter.in.events.TransactionHistoryListener.handle(com.bank.accounts.pricing.domain.events.FeeAssessed)> calls method <com.bank.accounts.pricing.domain.events.FeeAssessed.description()> in (TransactionHistoryListener.java:76)
- Module 'history' depends on non-exposed type com.bank.accounts.pricing.domain.events.InterestAccrued within module 'pricing'!
Method <com.bank.accounts.history.adapter.in.events.TransactionHistoryListener.handle(com.bank.accounts.pricing.domain.events.InterestAccrued)> has parameter of type <com.bank.accounts.pricing.domain.events.InterestAccrued> in (TransactionHistoryListener.java:0)
- Module 'history' depends on non-exposed type com.bank.accounts.posting.domain.events.AccountCredited within module 'posting'!
Method <com.bank.accounts.history.adapter.in.events.TransactionHistoryListener.handle(com.bank.accounts.posting.domain.events.AccountCredited)> has parameter of type <com.bank.accounts.posting.domain.events.AccountCredited> in (TransactionHistoryListener.java:0)
- Module 'history' depends on non-exposed type com.bank.accounts.posting.domain.events.PostingReversed within module 'posting'!
Method <com.bank.accounts.history.adapter.in.events.TransactionHistoryListener.handle(com.bank.accounts.posting.domain.events.PostingReversed)> has parameter of type <com.bank.accounts.posting.domain.events.PostingReversed> in (TransactionHistoryListener.java:0)
- Module 'history' depends on non-exposed type com.bank.accounts.posting.domain.events.AccountDebited within module 'posting'!
Method <com.bank.accounts.history.adapter.in.events.TransactionHistoryListener.handle(com.bank.accounts.posting.domain.events.AccountDebited)> has parameter of type <com.bank.accounts.posting.domain.events.AccountDebited> in (TransactionHistoryListener.java:0)
- Module 'history' depends on non-exposed type com.bank.accounts.pricing.domain.events.FeeAssessed within module 'pricing'!
Method <com.bank.accounts.history.adapter.in.events.TransactionHistoryListener.handle(com.bank.accounts.pricing.domain.events.FeeAssessed)> has parameter of type <com.bank.accounts.pricing.domain.events.FeeAssessed> in (TransactionHistoryListener.java:0)
- Module 'history' depends on non-exposed type com.bank.accounts.lifecycle.domain.AccountId within module 'lifecycle'!
AccountId declares parameter AccountId.findByAccountId(AccountId) in (JpaTransactionHistoryRepository.java:0)
- Module 'history' depends on non-exposed type com.bank.accounts.posting.domain.PostingId within module 'posting'!
PostingId declares parameter PostingId.findByPostingId(PostingId) in (JpaTransactionHistoryRepository.java:0)
- Module 'history' depends on non-exposed type com.bank.accounts.posting.domain.PostingId within module 'posting'!
Method <com.bank.accounts.history.adapter.out.persistence.JpaTransactionHistoryRepository.findByPostingId(com.bank.accounts.posting.domain.PostingId)> has parameter of type <com.bank.accounts.posting.domain.PostingId> in (JpaTransactionHistoryRepository.java:0)
- Module 'history' depends on non-exposed type com.bank.accounts.lifecycle.domain.AccountId within module 'lifecycle'!
Method <com.bank.accounts.history.adapter.out.persistence.JpaTransactionHistoryRepository.findByAccountId(com.bank.accounts.lifecycle.domain.AccountId)> has parameter of type <com.bank.accounts.lifecycle.domain.AccountId> in (JpaTransactionHistoryRepository.java:0)
- Module 'history' depends on non-exposed type com.bank.accounts.posting.domain.PostingId within module 'posting'!
PostingId declares parameter PostingId.findByPostingId(PostingId) in (TransactionHistoryRepositoryPort.java:0)
- Module 'history' depends on non-exposed type com.bank.accounts.lifecycle.domain.AccountId within module 'lifecycle'!
AccountId declares parameter AccountId.findByAccountId(AccountId) in (TransactionHistoryRepositoryPort.java:0)
- Module 'history' depends on non-exposed type com.bank.accounts.lifecycle.domain.AccountId within module 'lifecycle'!
AccountId declares parameter AccountId.findByAccountId(AccountId) in (JpaTransactionHistoryRepository.java:0)
- Module 'history' depends on non-exposed type com.bank.accounts.posting.domain.PostingId within module 'posting'!
PostingId declares parameter PostingId.findByPostingId(PostingId) in (JpaTransactionHistoryRepository.java:0)
- Module 'history' depends on non-exposed type com.bank.accounts.posting.domain.PostingId within module 'posting'!
Method <com.bank.accounts.history.adapter.out.persistence.TransactionHistoryRepositoryAdapter.findByPostingId(com.bank.accounts.posting.domain.PostingId)> has parameter of type <com.bank.accounts.posting.domain.PostingId> in (JpaTransactionHistoryRepository.java:0)
- Module 'history' depends on non-exposed type com.bank.accounts.lifecycle.domain.AccountId within module 'lifecycle'!
Method <com.bank.accounts.history.adapter.out.persistence.TransactionHistoryRepositoryAdapter.findByAccountId(com.bank.accounts.lifecycle.domain.AccountId)> has parameter of type <com.bank.accounts.lifecycle.domain.AccountId> in (JpaTransactionHistoryRepository.java:0)
- Module 'history' depends on non-exposed type com.bank.accounts.lifecycle.domain.AccountId within module 'lifecycle'!
AccountId declares parameter AccountId.getTransactionHistory(AccountId) in (GetTransactionHistoryUseCase.java:0)
- Module 'history' depends on non-exposed type com.bank.accounts.lifecycle.domain.AccountId within module 'lifecycle'!
Method <com.bank.accounts.history.application.port.in.GetTransactionHistoryUseCase.getTransactionHistory(com.bank.accounts.lifecycle.domain.AccountId)> has parameter of type <com.bank.accounts.lifecycle.domain.AccountId> in (GetTransactionHistoryUseCase.java:0)
- Module 'history' depends on non-exposed type com.bank.accounts.lifecycle.domain.AccountId within module 'lifecycle'!
AccountId declares parameter AccountId(AccountId, Instant, Instant, PostingType, PostingStatus) in (SearchTransactionsUseCase.java:0)
- Module 'history' depends on non-exposed type com.bank.accounts.posting.domain.PostingType within module 'posting'!
PostingType declares parameter PostingType(AccountId, Instant, Instant, PostingType, PostingStatus) in (SearchTransactionsUseCase.java:0)
- Module 'history' depends on non-exposed type com.bank.accounts.posting.domain.PostingStatus within module 'posting'!
PostingStatus declares parameter PostingStatus(AccountId, Instant, Instant, PostingType, PostingStatus) in (SearchTransactionsUseCase.java:0)
- Module 'history' depends on non-exposed type com.bank.accounts.lifecycle.domain.AccountId within module 'lifecycle'!
AccountId declares return type AccountId.accountId() in (SearchTransactionsUseCase.java:0)
- Module 'history' depends on non-exposed type com.bank.accounts.posting.domain.PostingType within module 'posting'!
PostingType declares return type PostingType.type() in (SearchTransactionsUseCase.java:0)
- Module 'history' depends on non-exposed type com.bank.accounts.posting.domain.PostingStatus within module 'posting'!
PostingStatus declares return type PostingStatus.status() in (SearchTransactionsUseCase.java:0)
- Module 'history' depends on non-exposed type com.bank.accounts.posting.domain.PostingStatus within module 'posting'!
Field <com.bank.accounts.history.application.port.in.SearchTransactionsUseCase$SearchCriteria.status> has type <com.bank.accounts.posting.domain.PostingStatus> in (SearchTransactionsUseCase.java:0)
- Module 'history' depends on non-exposed type com.bank.accounts.lifecycle.domain.AccountId within module 'lifecycle'!
Field <com.bank.accounts.history.application.port.in.SearchTransactionsUseCase$SearchCriteria.accountId> has type <com.bank.accounts.lifecycle.domain.AccountId> in (SearchTransactionsUseCase.java:0)
- Module 'history' depends on non-exposed type com.bank.accounts.posting.domain.PostingType within module 'posting'!
Field <com.bank.accounts.history.application.port.in.SearchTransactionsUseCase$SearchCriteria.type> has type <com.bank.accounts.posting.domain.PostingType> in (SearchTransactionsUseCase.java:0)
- Module 'history' depends on non-exposed type com.bank.accounts.posting.domain.PostingStatus within module 'posting'!
Method <com.bank.accounts.history.application.port.in.SearchTransactionsUseCase$SearchCriteria.status()> has return type <com.bank.accounts.posting.domain.PostingStatus> in (SearchTransactionsUseCase.java:0)
- Module 'history' depends on non-exposed type com.bank.accounts.posting.domain.PostingType within module 'posting'!
Method <com.bank.accounts.history.application.port.in.SearchTransactionsUseCase$SearchCriteria.type()> has return type <com.bank.accounts.posting.domain.PostingType> in (SearchTransactionsUseCase.java:0)
- Module 'history' depends on non-exposed type com.bank.accounts.lifecycle.domain.AccountId within module 'lifecycle'!
Method <com.bank.accounts.history.application.port.in.SearchTransactionsUseCase$SearchCriteria.accountId()> has return type <com.bank.accounts.lifecycle.domain.AccountId> in (SearchTransactionsUseCase.java:0)
- Module 'history' depends on non-exposed type com.bank.accounts.lifecycle.domain.AccountId within module 'lifecycle'!
Constructor <com.bank.accounts.history.application.port.in.SearchTransactionsUseCase$SearchCriteria.<init>(com.bank.accounts.lifecycle.domain.AccountId, java.time.Instant, java.time.Instant, com.bank.accounts.posting.domain.PostingType, com.bank.accounts.posting.domain.PostingStatus)> has parameter of type <com.bank.accounts.lifecycle.domain.AccountId> in (SearchTransactionsUseCase.java:0)
- Module 'history' depends on non-exposed type com.bank.accounts.posting.domain.PostingType within module 'posting'!
Constructor <com.bank.accounts.history.application.port.in.SearchTransactionsUseCase$SearchCriteria.<init>(com.bank.accounts.lifecycle.domain.AccountId, java.time.Instant, java.time.Instant, com.bank.accounts.posting.domain.PostingType, com.bank.accounts.posting.domain.PostingStatus)> has parameter of type <com.bank.accounts.posting.domain.PostingType> in (SearchTransactionsUseCase.java:0)
- Module 'history' depends on non-exposed type com.bank.accounts.posting.domain.PostingStatus within module 'posting'!
Constructor <com.bank.accounts.history.application.port.in.SearchTransactionsUseCase$SearchCriteria.<init>(com.bank.accounts.lifecycle.domain.AccountId, java.time.Instant, java.time.Instant, com.bank.accounts.posting.domain.PostingType, com.bank.accounts.posting.domain.PostingStatus)> has parameter of type <com.bank.accounts.posting.domain.PostingStatus> in (SearchTransactionsUseCase.java:0)
- Module 'history' depends on non-exposed type com.bank.accounts.posting.domain.PostingId within module 'posting'!
PostingId declares parameter PostingId.findByPostingId(PostingId) in (TransactionHistoryRepositoryPort.java:0)
- Module 'history' depends on non-exposed type com.bank.accounts.lifecycle.domain.AccountId within module 'lifecycle'!
AccountId declares parameter AccountId.findByAccountId(AccountId) in (TransactionHistoryRepositoryPort.java:0)
- Module 'history' depends on non-exposed type com.bank.accounts.posting.domain.PostingId within module 'posting'!
Method <com.bank.accounts.history.application.port.out.TransactionHistoryRepositoryPort.findByPostingId(com.bank.accounts.posting.domain.PostingId)> has parameter of type <com.bank.accounts.posting.domain.PostingId> in (TransactionHistoryRepositoryPort.java:0)
- Module 'history' depends on non-exposed type com.bank.accounts.lifecycle.domain.AccountId within module 'lifecycle'!
Method <com.bank.accounts.history.application.port.out.TransactionHistoryRepositoryPort.findByAccountId(com.bank.accounts.lifecycle.domain.AccountId)> has parameter of type <com.bank.accounts.lifecycle.domain.AccountId> in (TransactionHistoryRepositoryPort.java:0)
- Module 'history' depends on non-exposed type com.bank.accounts.lifecycle.domain.AccountId within module 'lifecycle'!
AccountId declares parameter AccountId.getTransactionHistory(AccountId) in (TransactionHistoryService.java:0)
- Module 'history' depends on non-exposed type com.bank.accounts.lifecycle.domain.AccountId within module 'lifecycle'!
AccountId declares parameter AccountId.getTransactionHistory(AccountId) in (GetTransactionHistoryUseCase.java:0)
- Module 'history' depends on non-exposed type com.bank.accounts.lifecycle.domain.AccountId within module 'lifecycle'!
Method <com.bank.accounts.history.application.service.TransactionHistoryService.getTransactionHistory(com.bank.accounts.lifecycle.domain.AccountId)> has parameter of type <com.bank.accounts.lifecycle.domain.AccountId> in (TransactionHistoryService.java:0)
- Module 'history' depends on non-exposed type com.bank.accounts.posting.domain.PostingStatus within module 'posting'!
PostingStatus declares parameter PostingStatus.updateStatus(PostingStatus) in (TransactionEntry.java:0)
- Module 'history' depends on non-exposed type com.bank.accounts.posting.domain.PostingId within module 'posting'!
PostingId declares return type PostingId.getPostingId() in (TransactionEntry.java:0)
- Module 'history' depends on non-exposed type com.bank.accounts.posting.domain.PostingType within module 'posting'!
PostingType declares return type PostingType.getType() in (TransactionEntry.java:0)
- Module 'history' depends on non-exposed type com.bank.accounts.lifecycle.domain.AccountId within module 'lifecycle'!
AccountId declares return type AccountId.getAccountId() in (TransactionEntry.java:0)
- Module 'history' depends on non-exposed type com.bank.accounts.posting.domain.PostingStatus within module 'posting'!
PostingStatus declares return type PostingStatus.getStatus() in (TransactionEntry.java:0)
- Module 'history' depends on non-exposed type com.bank.accounts.lifecycle.domain.AccountId within module 'lifecycle'!
Field <com.bank.accounts.history.domain.TransactionEntry.accountId> has type <com.bank.accounts.lifecycle.domain.AccountId> in (TransactionEntry.java:0)
- Module 'history' depends on non-exposed type com.bank.accounts.posting.domain.PostingType within module 'posting'!
Field <com.bank.accounts.history.domain.TransactionEntry.type> has type <com.bank.accounts.posting.domain.PostingType> in (TransactionEntry.java:0)
- Module 'history' depends on non-exposed type com.bank.accounts.posting.domain.PostingStatus within module 'posting'!
Field <com.bank.accounts.history.domain.TransactionEntry.status> has type <com.bank.accounts.posting.domain.PostingStatus> in (TransactionEntry.java:0)
- Module 'history' depends on non-exposed type com.bank.accounts.posting.domain.PostingId within module 'posting'!
Field <com.bank.accounts.history.domain.TransactionEntry.postingId> has type <com.bank.accounts.posting.domain.PostingId> in (TransactionEntry.java:0)
- Module 'history' depends on non-exposed type com.bank.accounts.posting.domain.PostingType within module 'posting'!
Method <com.bank.accounts.history.domain.TransactionEntry.getType()> has return type <com.bank.accounts.posting.domain.PostingType> in (TransactionEntry.java:0)
- Module 'history' depends on non-exposed type com.bank.accounts.lifecycle.domain.AccountId within module 'lifecycle'!
Method <com.bank.accounts.history.domain.TransactionEntry.getAccountId()> has return type <com.bank.accounts.lifecycle.domain.AccountId> in (TransactionEntry.java:0)
[...]
- Module 'config' depends on non-exposed type com.bank.accounts.lifecycle.application.port.in.OpenAccountUseCase within module 'lifecycle'!
Constructor <com.bank.accounts.config.DataInitializer.<init>(com.bank.accounts.lifecycle.application.port.in.OpenAccountUseCase, com.bank.accounts.posting.application.port.in.PostTransactionUseCase)> has parameter of type <com.bank.accounts.lifecycle.application.port.in.OpenAccountUseCase> in (DataInitializer.java:0)
- Module 'config' depends on non-exposed type com.bank.accounts.posting.application.port.in.PostTransactionUseCase within module 'posting'!
Constructor <com.bank.accounts.config.DataInitializer.<init>(com.bank.accounts.lifecycle.application.port.in.OpenAccountUseCase, com.bank.accounts.posting.application.port.in.PostTransactionUseCase)> has parameter of type <com.bank.accounts.posting.application.port.in.PostTransactionUseCase> in (DataInitializer.java:0)
- Module 'pricing' depends on non-exposed type com.bank.accounts.lifecycle.domain.AccountId within module 'lifecycle'!
AccountId declares parameter AccountId.calculateFee(AccountId, PostingType, BigDecimal) in (PricingPort.java:0)
- Module 'pricing' depends on non-exposed type com.bank.accounts.posting.domain.PostingType within module 'posting'!
PostingType declares parameter PostingType.calculateFee(AccountId, PostingType, BigDecimal) in (PricingPort.java:0)
- Module 'pricing' depends on non-exposed type com.bank.accounts.lifecycle.domain.AccountId within module 'lifecycle'!
AccountId declares parameter AccountId.shouldApplyFee(AccountId, PostingType, BigDecimal) in (PricingPort.java:0)
- Module 'pricing' depends on non-exposed type com.bank.accounts.posting.domain.PostingType within module 'posting'!
PostingType declares parameter PostingType.shouldApplyFee(AccountId, PostingType, BigDecimal) in (PricingPort.java:0)
- Module 'pricing' depends on non-exposed type com.bank.accounts.lifecycle.domain.AccountId within module 'lifecycle'!
AccountId declares parameter AccountId.calculateFee(AccountId, PostingType, BigDecimal) in (PricingAdapter.java:0)
- Module 'pricing' depends on non-exposed type com.bank.accounts.posting.domain.PostingType within module 'posting'!
PostingType declares parameter PostingType.calculateFee(AccountId, PostingType, BigDecimal) in (PricingAdapter.java:0)
- Module 'pricing' depends on non-exposed type com.bank.accounts.lifecycle.domain.AccountId within module 'lifecycle'!
AccountId declares parameter AccountId.shouldApplyFee(AccountId, PostingType, BigDecimal) in (PricingAdapter.java:0)
- Module 'pricing' depends on non-exposed type com.bank.accounts.posting.domain.PostingType within module 'posting'!
PostingType declares parameter PostingType.shouldApplyFee(AccountId, PostingType, BigDecimal) in (PricingAdapter.java:0)
- Module 'pricing' depends on non-exposed type com.bank.accounts.lifecycle.domain.AccountId within module 'lifecycle'!
Method <com.bank.accounts.pricing.adapter.out.api.PricingAdapter.calculateFee(com.bank.accounts.lifecycle.domain.AccountId, com.bank.accounts.posting.domain.PostingType, java.math.BigDecimal)> has parameter of type <com.bank.accounts.lifecycle.domain.AccountId> in (PricingAdapter.java:0)
- Module 'pricing' depends on non-exposed type com.bank.accounts.posting.domain.PostingType within module 'posting'!
Method <com.bank.accounts.pricing.adapter.out.api.PricingAdapter.calculateFee(com.bank.accounts.lifecycle.domain.AccountId, com.bank.accounts.posting.domain.PostingType, java.math.BigDecimal)> has parameter of type <com.bank.accounts.posting.domain.PostingType> in (PricingAdapter.java:0)
- Module 'pricing' depends on non-exposed type com.bank.accounts.lifecycle.domain.AccountId within module 'lifecycle'!
Method <com.bank.accounts.pricing.adapter.out.api.PricingAdapter.shouldApplyFee(com.bank.accounts.lifecycle.domain.AccountId, com.bank.accounts.posting.domain.PostingType, java.math.BigDecimal)> has parameter of type <com.bank.accounts.lifecycle.domain.AccountId> in (PricingAdapter.java:0)
- Module 'pricing' depends on non-exposed type com.bank.accounts.posting.domain.PostingType within module 'posting'!
Method <com.bank.accounts.pricing.adapter.out.api.PricingAdapter.shouldApplyFee(com.bank.accounts.lifecycle.domain.AccountId, com.bank.accounts.posting.domain.PostingType, java.math.BigDecimal)> has parameter of type <com.bank.accounts.posting.domain.PostingType> in (PricingAdapter.java:0)
- Module 'pricing' depends on non-exposed type com.bank.accounts.lifecycle.domain.AccountId within module 'lifecycle'!
AccountId declares parameter AccountId.calculateFee(AccountId, PostingType, BigDecimal) in (PricingPort.java:0)
- Module 'pricing' depends on non-exposed type com.bank.accounts.posting.domain.PostingType within module 'posting'!
PostingType declares parameter PostingType.calculateFee(AccountId, PostingType, BigDecimal) in (PricingPort.java:0)
- Module 'pricing' depends on non-exposed type com.bank.accounts.lifecycle.domain.AccountId within module 'lifecycle'!
AccountId declares parameter AccountId.shouldApplyFee(AccountId, PostingType, BigDecimal) in (PricingPort.java:0)
- Module 'pricing' depends on non-exposed type com.bank.accounts.posting.domain.PostingType within module 'posting'!
PostingType declares parameter PostingType.shouldApplyFee(AccountId, PostingType, BigDecimal) in (PricingPort.java:0)
- Module 'pricing' depends on non-exposed type com.bank.accounts.lifecycle.domain.AccountId within module 'lifecycle'!
Method <com.bank.accounts.pricing.api.PricingPort.calculateFee(com.bank.accounts.lifecycle.domain.AccountId, com.bank.accounts.posting.domain.PostingType, java.math.BigDecimal)> has parameter of type <com.bank.accounts.lifecycle.domain.AccountId> in (PricingPort.java:0)
- Module 'pricing' depends on non-exposed type com.bank.accounts.posting.domain.PostingType within module 'posting'!
Method <com.bank.accounts.pricing.api.PricingPort.calculateFee(com.bank.accounts.lifecycle.domain.AccountId, com.bank.accounts.posting.domain.PostingType, java.math.BigDecimal)> has parameter of type <com.bank.accounts.posting.domain.PostingType> in (PricingPort.java:0)
- Module 'pricing' depends on non-exposed type com.bank.accounts.lifecycle.domain.AccountId within module 'lifecycle'!
Method <com.bank.accounts.pricing.api.PricingPort.shouldApplyFee(com.bank.accounts.lifecycle.domain.AccountId, com.bank.accounts.posting.domain.PostingType, java.math.BigDecimal)> has parameter of type <com.bank.accounts.lifecycle.domain.AccountId> in (PricingPort.java:0)
- Module 'pricing' depends on non-exposed type com.bank.accounts.posting.domain.PostingType within module 'posting'!
Method <com.bank.accounts.pricing.api.PricingPort.shouldApplyFee(com.bank.accounts.lifecycle.domain.AccountId, com.bank.accounts.posting.domain.PostingType, java.math.BigDecimal)> has parameter of type <com.bank.accounts.posting.domain.PostingType> in (PricingPort.java:0)
- Module 'pricing' depends on non-exposed type com.bank.accounts.lifecycle.domain.AccountId within module 'lifecycle'!
AccountId declares parameter AccountId.accrueInterest(AccountId, InterestType, BigDecimal) in (AccrueInterestUseCase.java:0)
- Module 'pricing' depends on non-exposed type com.bank.accounts.lifecycle.domain.AccountId within module 'lifecycle'!
Method <com.bank.accounts.pricing.application.port.in.AccrueInterestUseCase.accrueInterest(com.bank.accounts.lifecycle.domain.AccountId, com.bank.accounts.pricing.domain.InterestType, java.math.BigDecimal)> has parameter of type <com.bank.accounts.lifecycle.domain.AccountId> in (AccrueInterestUseCase.java:0)
- Module 'pricing' depends on non-exposed type com.bank.accounts.lifecycle.domain.AccountId within module 'lifecycle'!
AccountId declares parameter AccountId(AccountId, PostingType, BigDecimal) in (CalculateFeeUseCase.java:0)
- Module 'pricing' depends on non-exposed type com.bank.accounts.posting.domain.PostingType within module 'posting'!
PostingType declares parameter PostingType(AccountId, PostingType, BigDecimal) in (CalculateFeeUseCase.java:0)
- Module 'pricing' depends on non-exposed type com.bank.accounts.posting.domain.PostingType within module 'posting'!
PostingType declares return type PostingType.postingType() in (CalculateFeeUseCase.java:0)
- Module 'pricing' depends on non-exposed type com.bank.accounts.lifecycle.domain.AccountId within module 'lifecycle'!
AccountId declares return type AccountId.accountId() in (CalculateFeeUseCase.java:0)
- Module 'pricing' depends on non-exposed type com.bank.accounts.posting.domain.PostingType within module 'posting'!
Field <com.bank.accounts.pricing.application.port.in.CalculateFeeUseCase$AssessFeeCommand.postingType> has type <com.bank.accounts.posting.domain.PostingType> in (CalculateFeeUseCase.java:0)
- Module 'pricing' depends on non-exposed type com.bank.accounts.lifecycle.domain.AccountId within module 'lifecycle'!
Field <com.bank.accounts.pricing.application.port.in.CalculateFeeUseCase$AssessFeeCommand.accountId> has type <com.bank.accounts.lifecycle.domain.AccountId> in (CalculateFeeUseCase.java:0)
- Module 'pricing' depends on non-exposed type com.bank.accounts.lifecycle.domain.AccountId within module 'lifecycle'!
Method <com.bank.accounts.pricing.application.port.in.CalculateFeeUseCase$AssessFeeCommand.accountId()> has return type <com.bank.accounts.lifecycle.domain.AccountId> in (CalculateFeeUseCase.java:0)
- Module 'pricing' depends on non-exposed type com.bank.accounts.posting.domain.PostingType within module 'posting'!
Method <com.bank.accounts.pricing.application.port.in.CalculateFeeUseCase$AssessFeeCommand.postingType()> has return type <com.bank.accounts.posting.domain.PostingType> in (CalculateFeeUseCase.java:0)
- Module 'pricing' depends on non-exposed type com.bank.accounts.lifecycle.domain.AccountId within module 'lifecycle'!
Constructor <com.bank.accounts.pricing.application.port.in.CalculateFeeUseCase$AssessFeeCommand.<init>(com.bank.accounts.lifecycle.domain.AccountId, com.bank.accounts.posting.domain.PostingType, java.math.BigDecimal)> has parameter of type <com.bank.accounts.lifecycle.domain.AccountId> in (CalculateFeeUseCase.java:0)
- Module 'pricing' depends on non-exposed type com.bank.accounts.posting.domain.PostingType within module 'posting'!
Constructor <com.bank.accounts.pricing.application.port.in.CalculateFeeUseCase$AssessFeeCommand.<init>(com.bank.accounts.lifecycle.domain.AccountId, com.bank.accounts.posting.domain.PostingType, java.math.BigDecimal)> has parameter of type <com.bank.accounts.posting.domain.PostingType> in (CalculateFeeUseCase.java:0)
- Module 'pricing' depends on non-exposed type com.bank.accounts.lifecycle.domain.AccountId within module 'lifecycle'!
AccountId declares parameter AccountId.accrueInterest(AccountId, InterestType, BigDecimal) in (AccrueInterestUseCase.java:0)
- Module 'pricing' depends on non-exposed type com.bank.accounts.posting.domain.PostingType within module 'posting'!
PostingType declares parameter PostingType.determineFeeType(PostingType) in (PricingService.java:0)
- Module 'pricing' depends on non-exposed type com.bank.accounts.posting.domain.PostingType within module 'posting'!
PostingType declares parameter PostingType.calculateFeeAmount(PostingType, BigDecimal) in (PricingService.java:0)
- Module 'pricing' depends on non-exposed type com.bank.accounts.lifecycle.domain.AccountId within module 'lifecycle'!
AccountId declares parameter AccountId.accrueInterest(AccountId, InterestType, BigDecimal) in (PricingService.java:0)
- Module 'pricing' depends on non-exposed type com.bank.accounts.posting.domain.PostingType within module 'posting'!
Method <com.bank.accounts.pricing.application.service.PricingService.determineFeeType(com.bank.accounts.posting.domain.PostingType)> gets field <com.bank.accounts.posting.domain.PostingType.DEBIT> in (PricingService.java:91)
- Module 'pricing' depends on non-exposed type com.bank.accounts.posting.domain.PostingType within module 'posting'!
Method <com.bank.accounts.pricing.application.service.PricingService.calculateFeeAmount(com.bank.accounts.posting.domain.PostingType, java.math.BigDecimal)> gets field <com.bank.accounts.posting.domain.PostingType.DEBIT> in (PricingService.java:82)
- Module 'pricing' depends on non-exposed type com.bank.accounts.lifecycle.domain.AccountId within module 'lifecycle'!
Method <com.bank.accounts.pricing.application.service.PricingService.accrueInterest(com.bank.accounts.lifecycle.domain.AccountId, com.bank.accounts.pricing.domain.InterestType, java.math.BigDecimal)> has parameter of type <com.bank.accounts.lifecycle.domain.AccountId> in (PricingService.java:0)
- Module 'pricing' depends on non-exposed type com.bank.accounts.posting.domain.PostingType within module 'posting'!
Method <com.bank.accounts.pricing.application.service.PricingService.determineFeeType(com.bank.accounts.posting.domain.PostingType)> has parameter of type <com.bank.accounts.posting.domain.PostingType> in (PricingService.java:0)
- Module 'pricing' depends on non-exposed type com.bank.accounts.posting.domain.PostingType within module 'posting'!
Method <com.bank.accounts.pricing.application.service.PricingService.calculateFeeAmount(com.bank.accounts.posting.domain.PostingType, java.math.BigDecimal)> has parameter of type <com.bank.accounts.posting.domain.PostingType> in (PricingService.java:0)
- Module 'pricing' depends on non-exposed type com.bank.accounts.lifecycle.domain.AccountId within module 'lifecycle'!
AccountId declares return type AccountId.getAccountId() in (Fee.java:0)
- Module 'pricing' depends on non-exposed type com.bank.accounts.lifecycle.domain.AccountId within module 'lifecycle'!
Field <com.bank.accounts.pricing.domain.Fee.accountId> has type <com.bank.accounts.lifecycle.domain.AccountId> in (Fee.java:0)
- Module 'pricing' depends on non-exposed type com.bank.accounts.lifecycle.domain.AccountId within module 'lifecycle'!
Method <com.bank.accounts.pricing.domain.Fee.getAccountId()> has return type <com.bank.accounts.lifecycle.domain.AccountId> in (Fee.java:0)
- Module 'pricing' depends on non-exposed type com.bank.accounts.lifecycle.domain.AccountId within module 'lifecycle'!
Constructor <com.bank.accounts.pricing.domain.Fee.<init>(com.bank.accounts.lifecycle.domain.AccountId, com.bank.accounts.pricing.domain.FeeType, java.math.BigDecimal, java.lang.String)> has parameter of type <com.bank.accounts.lifecycle.domain.AccountId> in (Fee.java:0)
- Module 'pricing' depends on non-exposed type com.bank.accounts.lifecycle.domain.AccountId within module 'lifecycle'!
AccountId declares return type AccountId.getAccountId() in (InterestAccrual.java:0)
- Module 'pricing' depends on non-exposed type com.bank.accounts.lifecycle.domain.AccountId within module 'lifecycle'!
Field <com.bank.accounts.pricing.domain.InterestAccrual.accountId> has type <com.bank.accounts.lifecycle.domain.AccountId> in (InterestAccrual.java:0)
- Module 'pricing' depends on non-exposed type com.bank.accounts.lifecycle.domain.AccountId within module 'lifecycle'!
Method <com.bank.accounts.pricing.domain.InterestAccrual.getAccountId()> has return type <com.bank.accounts.lifecycle.domain.AccountId> in (InterestAccrual.java:0)
- Module 'pricing' depends on non-exposed type com.bank.accounts.lifecycle.domain.AccountId within module 'lifecycle'!
Constructor <com.bank.accounts.pricing.domain.InterestAccrual.<init>(com.bank.accounts.lifecycle.domain.AccountId, com.bank.accounts.pricing.domain.InterestType, java.math.BigDecimal)> has parameter of type <com.bank.accounts.lifecycle.domain.AccountId> in (InterestAccrual.java:0)
- Module 'pricing' depends on non-exposed type com.bank.accounts.lifecycle.domain.AccountId within module 'lifecycle'!
AccountId declares parameter AccountId(AccountId, BigDecimal, FeeType, String, Instant) in (FeeAssessed.java:0)
- Module 'pricing' depends on non-exposed type com.bank.accounts.lifecycle.domain.AccountId within module 'lifecycle'!
AccountId declares return type AccountId.accountId() in (FeeAssessed.java:0)
- Module 'pricing' depends on non-exposed type com.bank.accounts.lifecycle.domain.AccountId within module 'lifecycle'!
Field <com.bank.accounts.pricing.domain.events.FeeAssessed.accountId> has type <com.bank.accounts.lifecycle.domain.AccountId> in (FeeAssessed.java:0)
- Module 'pricing' depends on non-exposed type com.bank.accounts.lifecycle.domain.AccountId within module 'lifecycle'!
Method <com.bank.accounts.pricing.domain.events.FeeAssessed.accountId()> has return type <com.bank.accounts.lifecycle.domain.AccountId> in (FeeAssessed.java:0)
- Module 'pricing' depends on non-exposed type com.bank.accounts.lifecycle.domain.AccountId within module 'lifecycle'!
Constructor <com.bank.accounts.pricing.domain.events.FeeAssessed.<init>(com.bank.accounts.lifecycle.domain.AccountId, java.math.BigDecimal, com.bank.accounts.pricing.domain.FeeType, java.lang.String, java.time.Instant)> has parameter of type <com.bank.accounts.lifecycle.domain.AccountId> in (FeeAssessed.java:0)
- Module 'pricing' depends on non-exposed type com.bank.accounts.lifecycle.domain.AccountId within module 'lifecycle'!
AccountId declares parameter AccountId(AccountId, FeeType, String, Instant) in (FeeWaived.java:0)
- Module 'pricing' depends on non-exposed type com.bank.accounts.lifecycle.domain.AccountId within module 'lifecycle'!
AccountId declares return type AccountId.accountId() in (FeeWaived.java:0)
- Module 'pricing' depends on non-exposed type com.bank.accounts.lifecycle.domain.AccountId within module 'lifecycle'!
Field <com.bank.accounts.pricing.domain.events.FeeWaived.accountId> has type <com.bank.accounts.lifecycle.domain.AccountId> in (FeeWaived.java:0)
- Module 'pricing' depends on non-exposed type com.bank.accounts.lifecycle.domain.AccountId within module 'lifecycle'!
Method <com.bank.accounts.pricing.domain.events.FeeWaived.accountId()> has return type <com.bank.accounts.lifecycle.domain.AccountId> in (FeeWaived.java:0)
- Module 'pricing' depends on non-exposed type com.bank.accounts.lifecycle.domain.AccountId within module 'lifecycle'!
Constructor <com.bank.accounts.pricing.domain.events.FeeWaived.<init>(com.bank.accounts.lifecycle.domain.AccountId, com.bank.accounts.pricing.domain.FeeType, java.lang.String, java.time.Instant)> has parameter of type <com.bank.accounts.lifecycle.domain.AccountId> in (FeeWaived.java:0)
- Module 'pricing' depends on non-exposed type com.bank.accounts.lifecycle.domain.AccountId within module 'lifecycle'!
AccountId declares parameter AccountId(AccountId, BigDecimal, InterestType, Instant) in (InterestAccrued.java:0)
- Module 'pricing' depends on non-exposed type com.bank.accounts.lifecycle.domain.AccountId within module 'lifecycle'!
AccountId declares return type AccountId.accountId() in (InterestAccrued.java:0)
- Module 'pricing' depends on non-exposed type com.bank.accounts.lifecycle.domain.AccountId within module 'lifecycle'!
Field <com.bank.accounts.pricing.domain.events.InterestAccrued.accountId> has type <com.bank.accounts.lifecycle.domain.AccountId> in (InterestAccrued.java:0)
- Module 'pricing' depends on non-exposed type com.bank.accounts.lifecycle.domain.AccountId within module 'lifecycle'!
Method <com.bank.accounts.pricing.domain.events.InterestAccrued.accountId()> has return type <com.bank.accounts.lifecycle.domain.AccountId> in (InterestAccrued.java:0)
- Module 'pricing' depends on non-exposed type com.bank.accounts.lifecycle.domain.AccountId within module 'lifecycle'!
Constructor <com.bank.accounts.pricing.domain.events.InterestAccrued.<init>(com.bank.accounts.lifecycle.domain.AccountId, java.math.BigDecimal, com.bank.accounts.pricing.domain.InterestType, java.time.Instant)> has parameter of type <com.bank.accounts.lifecycle.domain.AccountId> in (InterestAccrued.java:0)
]]></system-out>
  <system-err><![CDATA[]]></system-err>
</testsuite>
